#
# There is insufficient memory for the Java Runtime Environment to continue.
# Native memory allocation (malloc) failed to allocate 1660016 bytes for Chunk::new
# Possible reasons:
#   The system is out of physical RAM or swap space
#   In 32 bit mode, the process size limit was hit
# Possible solutions:
#   Reduce memory load on the system
#   Increase physical memory or swap space
#   Check if swap backing store is full
#   Use 64 bit Java on a 64 bit OS
#   Decrease Java heap size (-Xmx/-Xms)
#   Decrease number of Java threads
#   Decrease Java thread stack sizes (-Xss)
#   Set larger code cache with -XX:ReservedCodeCacheSize=
# This output file may be truncated or incomplete.
#
#  Out of Memory Error (allocation.cpp:388), pid=3320, tid=1624
#
# JRE version: Java(TM) SE Runtime Environment (8.0_05-b13) (build 1.8.0_05-b13)
# Java VM: Java HotSpot(TM) 64-Bit Server VM (25.5-b02 mixed mode windows-amd64 compressed oops)
# Failed to write core dump. Minidumps are not enabled by default on client versions of Windows
#

---------------  T H R E A D  ---------------

Current thread (0x0000000014d2c000):  JavaThread "C2 CompilerThread0" daemon [_thread_in_native, id=1624, stack(0x0000000016280000,0x0000000016380000)]

Stack: [0x0000000016280000,0x0000000016380000]
Native frames: (J=compiled Java code, j=interpreted, Vv=VM code, C=native code)
V  [jvm.dll+0x308dea]
V  [jvm.dll+0x25def1]
V  [jvm.dll+0x25eb0f]
V  [jvm.dll+0x2564e5]
V  [jvm.dll+0xbcfc5]
V  [jvm.dll+0xbd45c]
V  [jvm.dll+0x44d422]
V  [jvm.dll+0x48e13f]
V  [jvm.dll+0x442075]
V  [jvm.dll+0x44366b]
V  [jvm.dll+0x427532]
V  [jvm.dll+0x96702]
V  [jvm.dll+0x96ef3]
V  [jvm.dll+0x2232c4]
V  [jvm.dll+0x27baca]
C  [msvcr100.dll+0x21d9f]
C  [msvcr100.dll+0x21e3b]
C  [KERNEL32.DLL+0x18102]
C  [ntdll.dll+0x5c5b4]


Current CompileTask:
C2:   5991 1272   !   4       com.android.dx.cf.code.BytecodeArray::parseInstruction (2764 bytes)


---------------  P R O C E S S  ---------------

Java Threads: ( => current thread )
  0x00000000169eb800 JavaThread "pool-1-thread-4" [_thread_in_vm, id=10248, stack(0x0000000016f80000,0x0000000017080000)]
  0x0000000016953800 JavaThread "pool-1-thread-3" [_thread_in_Java, id=7820, stack(0x0000000016e80000,0x0000000016f80000)]
  0x0000000016948000 JavaThread "pool-1-thread-2" [_thread_in_vm, id=2460, stack(0x0000000016d80000,0x0000000016e80000)]
  0x0000000016946800 JavaThread "pool-2-thread-1" [_thread_blocked, id=6996, stack(0x0000000016c80000,0x0000000016d80000)]
  0x0000000016943000 JavaThread "pool-1-thread-1" [_thread_in_Java, id=11820, stack(0x0000000016b80000,0x0000000016c80000)]
  0x0000000014d88800 JavaThread "Service Thread" daemon [_thread_blocked, id=12152, stack(0x0000000016580000,0x0000000016680000)]
  0x0000000014d80000 JavaThread "C1 CompilerThread2" daemon [_thread_blocked, id=2272, stack(0x0000000016480000,0x0000000016580000)]
  0x0000000014d2f800 JavaThread "C2 CompilerThread1" daemon [_thread_blocked, id=3940, stack(0x0000000016380000,0x0000000016480000)]
=>0x0000000014d2c000 JavaThread "C2 CompilerThread0" daemon [_thread_in_native, id=1624, stack(0x0000000016280000,0x0000000016380000)]
  0x0000000014d2b000 JavaThread "Attach Listener" daemon [_thread_blocked, id=10752, stack(0x0000000016180000,0x0000000016280000)]
  0x0000000014d2a000 JavaThread "Signal Dispatcher" daemon [_thread_blocked, id=6756, stack(0x0000000016080000,0x0000000016180000)]
  0x000000000264f000 JavaThread "Finalizer" daemon [_thread_blocked, id=8908, stack(0x0000000015f80000,0x0000000016080000)]
  0x0000000014cf7800 JavaThread "Reference Handler" daemon [_thread_blocked, id=7392, stack(0x0000000015e80000,0x0000000015f80000)]
  0x000000000235d800 JavaThread "main" [_thread_in_Java, id=11624, stack(0x0000000002360000,0x0000000002460000)]

Other Threads:
  0x0000000014cf5800 VMThread [stack: 0x0000000015d80000,0x0000000015e80000] [id=4828]
  0x0000000014d8b000 WatcherThread [stack: 0x0000000016680000,0x0000000016780000] [id=8524]

VM state:not at safepoint (normal execution)

VM Mutex/Monitor currently owned by a thread: None

Heap:
 PSYoungGen      total 11776K, used 6633K [0x00000000eab00000, 0x00000000eb800000, 0x0000000100000000)
  eden space 10240K, 49% used [0x00000000eab00000,0x00000000eaffa758,0x00000000eb500000)
  from space 1536K, 100% used [0x00000000eb500000,0x00000000eb680000,0x00000000eb680000)
  to   space 1536K, 0% used [0x00000000eb680000,0x00000000eb680000,0x00000000eb800000)
 ParOldGen       total 129536K, used 5727K [0x00000000c0000000, 0x00000000c7e80000, 0x00000000eab00000)
  object space 129536K, 4% used [0x00000000c0000000,0x00000000c0597fc8,0x00000000c7e80000)
 Metaspace       used 5786K, capacity 6832K, committed 7040K, reserved 1056768K
  class space    used 590K, capacity 616K, committed 640K, reserved 1048576K

Card table byte_map: [0x0000000011a20000,0x0000000011c30000] byte_map_base: 0x0000000011420000

Marking Bits: (ParMarkBitMap*) 0x00000000575113b0
 Begin Bits: [0x0000000012190000, 0x0000000013190000)
 End Bits:   [0x0000000013190000, 0x0000000014190000)

Polling page: 0x0000000000b10000

CodeCache: size=245760Kb used=5228Kb max_used=5246Kb free=240531Kb
 bounds [0x0000000002660000, 0x0000000002b90000, 0x0000000011660000]
 total_blobs=1621 nmethods=1356 adapters=178
 compilation: disabled (not enough contiguous free space left)

Compilation events (10 events):
Event: 5.917 Thread 0x0000000014d80000 nmethod 1368 0x0000000002b796d0 code [0x0000000002b799e0, 0x0000000002b7b378]
Event: 5.917 Thread 0x0000000014d80000 1369       3       com.android.dx.ssa.NormalSsaInsn::clone (5 bytes)
Event: 5.918 Thread 0x0000000014d80000 nmethod 1369 0x0000000002b7c250 code [0x0000000002b7c3e0, 0x0000000002b7c918]
Event: 5.918 Thread 0x0000000014d80000 1371       3       com.android.dx.ssa.PhiTypeResolver::run (179 bytes)
Event: 5.919 Thread 0x0000000014d80000 nmethod 1371 0x0000000002b7cb10 code [0x0000000002b7cda0, 0x0000000002b7dde8]
Event: 5.919 Thread 0x0000000014d80000 1370       3       com.android.dx.ssa.NormalSsaInsn::clone (8 bytes)
Event: 5.919 Thread 0x0000000014d80000 nmethod 1370 0x0000000002b7e610 code [0x0000000002b7e7a0, 0x0000000002b7ec18]
Event: 5.920 Thread 0x0000000014d80000 1372       3       com.android.dx.dex.code.BlockAddresses::setupArrays (113 bytes)
Event: 5.925 Thread 0x0000000014d80000 

Event: 5.926 Thread 0x0000000014d2f800 


GC Heap History (10 events):
Event: 5.194 GC heap before
{Heap before GC invocations=12 (full 0):
 PSYoungGen      total 3072K, used 2688K [0x00000000eab00000, 0x00000000eb080000, 0x0000000100000000)
  eden space 2048K, 100% used [0x00000000eab00000,0x00000000ead00000,0x00000000ead00000)
  from space 1024K, 62% used [0x00000000ead00000,0x00000000eada0000,0x00000000eae00000)
  to   space 1024K, 0% used [0x00000000eaf80000,0x00000000eaf80000,0x00000000eb080000)
 ParOldGen       total 129536K, used 1768K [0x00000000c0000000, 0x00000000c7e80000, 0x00000000eab00000)
  object space 129536K, 1% used [0x00000000c0000000,0x00000000c01ba3d8,0x00000000c7e80000)
 Metaspace       used 5533K, capacity 6640K, committed 6784K, reserved 1056768K
  class space    used 587K, capacity 616K, committed 640K, reserved 1048576K
Event: 5.226 GC heap after
Heap after GC invocations=12 (full 0):
 PSYoungGen      total 4608K, used 512K [0x00000000eab00000, 0x00000000eb080000, 0x0000000100000000)
  eden space 3584K, 0% used [0x00000000eab00000,0x00000000eab00000,0x00000000eae80000)
  from space 1024K, 50% used [0x00000000eaf80000,0x00000000eb000000,0x00000000eb080000)
  to   space 1024K, 0% used [0x00000000eae80000,0x00000000eae80000,0x00000000eaf80000)
 ParOldGen       total 129536K, used 2175K [0x00000000c0000000, 0x00000000c7e80000, 0x00000000eab00000)
  object space 129536K, 1% used [0x00000000c0000000,0x00000000c021fcc8,0x00000000c7e80000)
 Metaspace       used 5533K, capacity 6640K, committed 6784K, reserved 1056768K
  class space    used 587K, capacity 616K, committed 640K, reserved 1048576K
}
Event: 5.393 GC heap before
{Heap before GC invocations=13 (full 0):
 PSYoungGen      total 4608K, used 4096K [0x00000000eab00000, 0x00000000eb080000, 0x0000000100000000)
  eden space 3584K, 100% used [0x00000000eab00000,0x00000000eae80000,0x00000000eae80000)
  from space 1024K, 50% used [0x00000000eaf80000,0x00000000eb000000,0x00000000eb080000)
  to   space 1024K, 0% used [0x00000000eae80000,0x00000000eae80000,0x00000000eaf80000)
 ParOldGen       total 129536K, used 2175K [0x00000000c0000000, 0x00000000c7e80000, 0x00000000eab00000)
  object space 129536K, 1% used [0x00000000c0000000,0x00000000c021fcc8,0x00000000c7e80000)
 Metaspace       used 5596K, capacity 6640K, committed 6784K, reserved 1056768K
  class space    used 587K, capacity 616K, committed 640K, reserved 1048576K
Event: 5.481 GC heap after
Heap after GC invocations=13 (full 0):
 PSYoungGen      total 4608K, used 624K [0x00000000eab00000, 0x00000000eb300000, 0x0000000100000000)
  eden space 3584K, 0% used [0x00000000eab00000,0x00000000eab00000,0x00000000eae80000)
  from space 1024K, 60% used [0x00000000eae80000,0x00000000eaf1c010,0x00000000eaf80000)
  to   space 1024K, 0% used [0x00000000eb200000,0x00000000eb200000,0x00000000eb300000)
 ParOldGen       total 129536K, used 2479K [0x00000000c0000000, 0x00000000c7e80000, 0x00000000eab00000)
  object space 129536K, 1% used [0x00000000c0000000,0x00000000c026bcc8,0x00000000c7e80000)
 Metaspace       used 5596K, capacity 6640K, committed 6784K, reserved 1056768K
  class space    used 587K, capacity 616K, committed 640K, reserved 1048576K
}
Event: 5.594 GC heap before
{Heap before GC invocations=14 (full 0):
 PSYoungGen      total 4608K, used 4208K [0x00000000eab00000, 0x00000000eb300000, 0x0000000100000000)
  eden space 3584K, 100% used [0x00000000eab00000,0x00000000eae80000,0x00000000eae80000)
  from space 1024K, 60% used [0x00000000eae80000,0x00000000eaf1c010,0x00000000eaf80000)
  to   space 1024K, 0% used [0x00000000eb200000,0x00000000eb200000,0x00000000eb300000)
 ParOldGen       total 129536K, used 2479K [0x00000000c0000000, 0x00000000c7e80000, 0x00000000eab00000)
  object space 129536K, 1% used [0x00000000c0000000,0x00000000c026bcc8,0x00000000c7e80000)
 Metaspace       used 5651K, capacity 6704K, committed 6784K, reserved 1056768K
  class space    used 589K, capacity 616K, committed 640K, reserved 1048576K
Event: 5.661 GC heap after
Heap after GC invocations=14 (full 0):
 PSYoungGen      total 7168K, used 672K [0x00000000eab00000, 0x00000000eb300000, 0x0000000100000000)
  eden space 6144K, 0% used [0x00000000eab00000,0x00000000eab00000,0x00000000eb100000)
  from space 1024K, 65% used [0x00000000eb200000,0x00000000eb2a8000,0x00000000eb300000)
  to   space 1024K, 0% used [0x00000000eb100000,0x00000000eb100000,0x00000000eb200000)
 ParOldGen       total 129536K, used 2975K [0x00000000c0000000, 0x00000000c7e80000, 0x00000000eab00000)
  object space 129536K, 2% used [0x00000000c0000000,0x00000000c02e7cd8,0x00000000c7e80000)
 Metaspace       used 5651K, capacity 6704K, committed 6784K, reserved 1056768K
  class space    used 589K, capacity 616K, committed 640K, reserved 1048576K
}
Event: 5.766 GC heap before
{Heap before GC invocations=15 (full 0):
 PSYoungGen      total 7168K, used 6816K [0x00000000eab00000, 0x00000000eb300000, 0x0000000100000000)
  eden space 6144K, 100% used [0x00000000eab00000,0x00000000eb100000,0x00000000eb100000)
  from space 1024K, 65% used [0x00000000eb200000,0x00000000eb2a8000,0x00000000eb300000)
  to   space 1024K, 0% used [0x00000000eb100000,0x00000000eb100000,0x00000000eb200000)
 ParOldGen       total 129536K, used 2975K [0x00000000c0000000, 0x00000000c7e80000, 0x00000000eab00000)
  object space 129536K, 2% used [0x00000000c0000000,0x00000000c02e7cd8,0x00000000c7e80000)
 Metaspace       used 5723K, capacity 6768K, committed 7040K, reserved 1056768K
  class space    used 590K, capacity 616K, committed 640K, reserved 1048576K
Event: 5.769 GC heap after
Heap after GC invocations=15 (full 0):
 PSYoungGen      total 7168K, used 992K [0x00000000eab00000, 0x00000000eb800000, 0x0000000100000000)
  eden space 6144K, 0% used [0x00000000eab00000,0x00000000eab00000,0x00000000eb100000)
  from space 1024K, 96% used [0x00000000eb100000,0x00000000eb1f8010,0x00000000eb200000)
  to   space 1536K, 0% used [0x00000000eb680000,0x00000000eb680000,0x00000000eb800000)
 ParOldGen       total 129536K, used 3563K [0x00000000c0000000, 0x00000000c7e80000, 0x00000000eab00000)
  object space 129536K, 2% used [0x00000000c0000000,0x00000000c037afa0,0x00000000c7e80000)
 Metaspace       used 5723K, capacity 6768K, committed 7040K, reserved 1056768K
  class space    used 590K, capacity 616K, committed 640K, reserved 1048576K
}
Event: 5.886 GC heap before
{Heap before GC invocations=16 (full 0):
 PSYoungGen      total 7168K, used 7136K [0x00000000eab00000, 0x00000000eb800000, 0x0000000100000000)
  eden space 6144K, 100% used [0x00000000eab00000,0x00000000eb100000,0x00000000eb100000)
  from space 1024K, 96% used [0x00000000eb100000,0x00000000eb1f8010,0x00000000eb200000)
  to   space 1536K, 0% used [0x00000000eb680000,0x00000000eb680000,0x00000000eb800000)
 ParOldGen       total 129536K, used 3563K [0x00000000c0000000, 0x00000000c7e80000, 0x00000000eab00000)
  object space 129536K, 2% used [0x00000000c0000000,0x00000000c037afa0,0x00000000c7e80000)
 Metaspace       used 5775K, capacity 6832K, committed 7040K, reserved 1056768K
  class space    used 590K, capacity 616K, committed 640K, reserved 1048576K
Event: 5.890 GC heap after
Heap after GC invocations=16 (full 0):
 PSYoungGen      total 11776K, used 1184K [0x00000000eab00000, 0x00000000eb800000, 0x0000000100000000)
  eden space 10240K, 0% used [0x00000000eab00000,0x00000000eab00000,0x00000000eb500000)
  from space 1536K, 77% used [0x00000000eb680000,0x00000000eb7a8000,0x00000000eb800000)
  to   space 1536K, 0% used [0x00000000eb500000,0x00000000eb500000,0x00000000eb680000)
 ParOldGen       total 129536K, used 4512K [0x00000000c0000000, 0x00000000c7e80000, 0x00000000eab00000)
  object space 129536K, 3% used [0x00000000c0000000,0x00000000c0468278,0x00000000c7e80000)
 Metaspace       used 5775K, capacity 6832K, committed 7040K, reserved 1056768K
  class space    used 590K, capacity 616K, committed 640K, reserved 1048576K
}

Deoptimization events (3 events):
Event: 5.367 Thread 0x00000000169eb800 Uncommon trap: reason=null_check action=make_not_entrant pc=0x000000000295f330 method=com.android.dx.ssa.SsaRenamer.getLocalForNewReg(I)Lcom/android/dx/rop/code/LocalItem; @ 19
Event: 5.368 Thread 0x00000000169eb800 Uncommon trap: reason=null_check action=make_not_entrant pc=0x0000000002951df0 method=com.android.dx.ssa.SsaRenamer.getLocalForNewReg(I)Lcom/android/dx/rop/code/LocalItem; @ 19
Event: 5.712 Thread 0x0000000016953800 Uncommon trap: reason=null_check action=make_not_entrant pc=0x000000000294ac60 method=com.android.dx.rop.type.Type.equals(Ljava/lang/Object;)Z @ 8

Internal exceptions (10 events):
Event: 5.078 Thread 0x000000000235d800 Exception <a 'java/security/PrivilegedActionException'> (0x00000000eac48a78) thrown at [D:\re\workspace\8-2-build-windows-amd64-cygwin\jdk8u5\2488\hotspot\src\share\vm\prims\jvm.cpp, line 1248]
Event: 5.079 Thread 0x000000000235d800 Exception <a 'java/security/PrivilegedActionException'> (0x00000000eac595c0) thrown at [D:\re\workspace\8-2-build-windows-amd64-cygwin\jdk8u5\2488\hotspot\src\share\vm\prims\jvm.cpp, line 1248]
Event: 5.079 Thread 0x000000000235d800 Exception <a 'java/security/PrivilegedActionException'> (0x00000000eac5bad0) thrown at [D:\re\workspace\8-2-build-windows-amd64-cygwin\jdk8u5\2488\hotspot\src\share\vm\prims\jvm.cpp, line 1248]
Event: 5.086 Thread 0x00000000169eb800 Exception <a 'java/security/PrivilegedActionException'> (0x00000000eace2278) thrown at [D:\re\workspace\8-2-build-windows-amd64-cygwin\jdk8u5\2488\hotspot\src\share\vm\prims\jvm.cpp, line 1248]
Event: 5.130 Thread 0x0000000016953800 Exception <a 'java/security/PrivilegedActionException'> (0x00000000eac0e5f0) thrown at [D:\re\workspace\8-2-build-windows-amd64-cygwin\jdk8u5\2488\hotspot\src\share\vm\prims\jvm.cpp, line 1248]
Event: 5.367 Thread 0x00000000169eb800 Implicit null exception at 0x000000000295ce99 to 0x000000000295f309
Event: 5.368 Thread 0x00000000169eb800 Implicit null exception at 0x000000000294f6fd to 0x0000000002951dcd
Event: 5.712 Thread 0x0000000016953800 Implicit null exception at 0x000000000294ab62 to 0x000000000294ac52
Event: 5.725 Thread 0x000000000235d800 Exception <a 'java/security/PrivilegedActionException'> (0x00000000eae87160) thrown at [D:\re\workspace\8-2-build-windows-amd64-cygwin\jdk8u5\2488\hotspot\src\share\vm\prims\jvm.cpp, line 1248]
Event: 5.729 Thread 0x000000000235d800 Exception <a 'java/security/PrivilegedActionException'> (0x00000000eae898b0) thrown at [D:\re\workspace\8-2-build-windows-amd64-cygwin\jdk8u5\2488\hotspot\src\share\vm\prims\jvm.cpp, line 1248]

Events (10 events):
Event: 5.766 Executing VM operation: ParallelGCFailedAllocation
Event: 5.769 Executing VM operation: ParallelGCFailedAllocation done
Event: 5.858 Thread 0x00000000169eb800 DEOPT PACKING pc=0x000000000291010f sp=0x000000001707ea00
Event: 5.858 Thread 0x00000000169eb800 DEOPT UNPACKING pc=0x00000000026a7604 sp=0x000000001707e7e0 mode 0
Event: 5.858 Executing VM operation: ParallelGCFailedAllocation
Event: 5.890 Executing VM operation: ParallelGCFailedAllocation done
Event: 5.951 Thread 0x0000000016943000 DEOPT PACKING pc=0x000000000291010f sp=0x0000000016c7eb30
Event: 5.951 Thread 0x0000000016943000 DEOPT UNPACKING pc=0x00000000026a7604 sp=0x0000000016c7e910 mode 0
Event: 5.960 Thread 0x0000000016948000 DEOPT PACKING pc=0x000000000291010f sp=0x0000000016e7ea20
Event: 5.960 Thread 0x0000000016948000 DEOPT UNPACKING pc=0x00000000026a7604 sp=0x0000000016e7e800 mode 0


Dynamic libraries:
0x00007ff79eea0000 - 0x00007ff79eed4000 	C:\Program Files\Java\jdk1.8.0_05\bin\java.exe
0x00007ff824330000 - 0x00007ff8244f1000 	C:\Windows\SYSTEM32\ntdll.dll
0x00007ff821890000 - 0x00007ff82193d000 	C:\Windows\system32\KERNEL32.DLL
0x00007ff821360000 - 0x00007ff821548000 	C:\Windows\system32\KERNELBASE.dll
0x00007ff823290000 - 0x00007ff823337000 	C:\Windows\system32\ADVAPI32.dll
0x00007ff821ad0000 - 0x00007ff821b6d000 	C:\Windows\system32\msvcrt.dll
0x00007ff821cd0000 - 0x00007ff821d2b000 	C:\Windows\system32\sechost.dll
0x00007ff821b70000 - 0x00007ff821c8c000 	C:\Windows\system32\RPCRT4.dll
0x00007ff823830000 - 0x00007ff823986000 	C:\Windows\system32\USER32.dll
0x00007ff821940000 - 0x00007ff821ac7000 	C:\Windows\system32\GDI32.dll
0x00007ff808cd0000 - 0x00007ff808f44000 	C:\Windows\WinSxS\amd64_microsoft.windows.common-controls_6595b64144ccf1df_6.0.10586.839_none_a2ddba30a539a2ae\COMCTL32.dll
0x00007ff8233b0000 - 0x00007ff82362e000 	C:\Windows\system32\combase.dll
0x00007ff821550000 - 0x00007ff8215ba000 	C:\Windows\system32\bcryptPrimitives.dll
0x00007ff821c90000 - 0x00007ff821ccb000 	C:\Windows\system32\IMM32.DLL
0x0000000057950000 - 0x0000000057a22000 	C:\Program Files\Java\jdk1.8.0_05\jre\bin\msvcr100.dll
0x0000000056d60000 - 0x000000005758a000 	C:\Program Files\Java\jdk1.8.0_05\jre\bin\server\jvm.dll
0x00007ff823770000 - 0x00007ff823778000 	C:\Windows\system32\PSAPI.DLL
0x00007ff81eb30000 - 0x00007ff81eb39000 	C:\Windows\SYSTEM32\WSOCK32.dll
0x00007ff824240000 - 0x00007ff8242ab000 	C:\Windows\system32\WS2_32.dll
0x00007ff81ebf0000 - 0x00007ff81ec13000 	C:\Windows\SYSTEM32\WINMM.dll
0x00007ff81eb90000 - 0x00007ff81ebbc000 	C:\Windows\SYSTEM32\WINMMBASE.dll
0x00007ff8210e0000 - 0x00007ff821123000 	C:\Windows\system32\cfgmgr32.dll
0x0000000057940000 - 0x000000005794f000 	C:\Program Files\Java\jdk1.8.0_05\jre\bin\verify.dll
0x0000000057910000 - 0x0000000057938000 	C:\Program Files\Java\jdk1.8.0_05\jre\bin\java.dll
0x00000000578f0000 - 0x0000000057906000 	C:\Program Files\Java\jdk1.8.0_05\jre\bin\zip.dll
0x00007ff821d30000 - 0x00007ff82328c000 	C:\Windows\system32\SHELL32.dll
0x00007ff820a00000 - 0x00007ff821044000 	C:\Windows\system32\windows.storage.dll
0x00007ff823630000 - 0x00007ff823682000 	C:\Windows\system32\shlwapi.dll
0x00007ff8209f0000 - 0x00007ff8209ff000 	C:\Windows\system32\kernel.appcore.dll
0x00007ff821670000 - 0x00007ff821725000 	C:\Windows\system32\shcore.dll
0x00007ff820980000 - 0x00007ff8209cb000 	C:\Windows\system32\powrprof.dll
0x00007ff8209d0000 - 0x00007ff8209e4000 	C:\Windows\system32\profapi.dll
0x00007ff801410000 - 0x00007ff80159c000 	C:\Windows\SYSTEM32\dbghelp.dll

VM Arguments:
jvm_args: -Djava.awt.headless=true -Xmx1024M -Dfile.encoding=windows-1251 -Duser.country=RU -Duser.language=ru -Duser.variant 
java_command: com.android.dx.command.Main --dex --num-threads=4 --output D:\AndroidDevelopment\provectus\app\build\intermediates\pre-dexed\debug\picasso-2.5.2_7fe1b0cda92a665f95d1375bc6a4eb814f895a26.jar C:\Users\Администратор\.gradle\caches\modules-2\files-2.1\com.squareup.picasso\picasso\2.5.2\7446d06ec8d4f7ffcc53f1da37c95f200dcb9387\picasso-2.5.2.jar
java_class_path (initial): D:\AndroidDevelopment\Android\sdk\build-tools\25.0.3\lib\dx.jar
Launcher Type: SUN_STANDARD

Environment Variables:
JAVA_HOME=C:\Progra~1\Java\jdk1.8.0_05\
PATH=C:\Program Files (x86)\Common Files\Intel\Shared Files\cpp\bin\Intel64;C:\ProgramData\Oracle\Java\javapath;C:\Windows\system32;C:\Windows;C:\Windows\System32\Wbem;C:\Windows\System32\WindowsPowerShell\v1.0\;C:\Program Files\Common Files\Autodesk Shared\;C:\Program Files (x86)\Windows Kits\10\Windows Performance Toolkit\;C:\Program Files (x86)\ATI Technologies\ATI.ACE\Core-Static;C:\Program Files (x86)\Skype\Phone\;C:\Program Files\Microsoft SQL Server\Client SDK\ODBC\110\Tools\Binn\;C:\Program Files (x86)\Microsoft SQL Server\120\Tools\Binn\;C:\Program Files\Microsoft SQL Server\120\Tools\Binn\;C:\Program Files\Microsoft SQL Server\120\DTS\Binn\;C:\Program Files (x86)\Windows Kits\8.1\Windows Performance Toolkit\;D:\AndroidDevelopment\Android\sdk\platform-tools;C:\Program Files (x86)\Windows Kits\10\Windows Performance Toolkit\;C:\Progra~1\Maven\\bin
USERNAME=Администратор
OS=Windows_NT
PROCESSOR_IDENTIFIER=Intel64 Family 6 Model 58 Stepping 9, GenuineIntel



---------------  S Y S T E M  ---------------

OS: Windows 8.1 , 64 bit Build 9600 

CPU:total 4 (2 cores per cpu, 2 threads per core) family 6 model 58 stepping 9, cmov, cx8, fxsr, mmx, sse, sse2, sse3, ssse3, sse4.1, sse4.2, popcnt, avx, aes, clmul, erms, ht, tsc, tscinvbit

Memory: 4k page, physical 8282396k(992784k free), swap 8282396k(5480k free)

vm_info: Java HotSpot(TM) 64-Bit Server VM (25.5-b02) for windows-amd64 JRE (1.8.0_05-b13), built on Mar 18 2014 01:08:39 by "java_re" with MS VC++ 10.0 (VS2010)

time: Sun Jul 02 11:59:13 2017
elapsed time: 5 seconds

