#
# There is insufficient memory for the Java Runtime Environment to continue.
# Native memory allocation (malloc) failed to allocate 65552 bytes for Chunk::new
# Possible reasons:
#   The system is out of physical RAM or swap space
#   In 32 bit mode, the process size limit was hit
# Possible solutions:
#   Reduce memory load on the system
#   Increase physical memory or swap space
#   Check if swap backing store is full
#   Use 64 bit Java on a 64 bit OS
#   Decrease Java heap size (-Xmx/-Xms)
#   Decrease number of Java threads
#   Decrease Java thread stack sizes (-Xss)
#   Set larger code cache with -XX:ReservedCodeCacheSize=
# This output file may be truncated or incomplete.
#
#  Out of Memory Error (allocation.cpp:388), pid=7996, tid=2584
#
# JRE version: Java(TM) SE Runtime Environment (8.0_05-b13) (build 1.8.0_05-b13)
# Java VM: Java HotSpot(TM) 64-Bit Server VM (25.5-b02 mixed mode windows-amd64 compressed oops)
# Failed to write core dump. Minidumps are not enabled by default on client versions of Windows
#

---------------  T H R E A D  ---------------

Current thread (0x00000000151fc000):  JavaThread "C2 CompilerThread0" daemon [_thread_in_native, id=2584, stack(0x0000000016750000,0x0000000016850000)]

Stack: [0x0000000016750000,0x0000000016850000]
Native frames: (J=compiled Java code, j=interpreted, Vv=VM code, C=native code)
V  [jvm.dll+0x308dea]


Current CompileTask:
C2:   5923  944       4       com.android.dx.ssa.NormalSsaInsn::accept (25 bytes)


---------------  P R O C E S S  ---------------

Java Threads: ( => current thread )
  0x0000000016d0e800 JavaThread "pool-1-thread-4" [_thread_in_Java, id=3892, stack(0x0000000017450000,0x0000000017550000)]
  0x0000000016d0d800 JavaThread "pool-1-thread-3" [_thread_blocked, id=4532, stack(0x0000000017350000,0x0000000017450000)]
  0x0000000016cfe000 JavaThread "pool-1-thread-2" [_thread_blocked, id=6548, stack(0x0000000017250000,0x0000000017350000)]
  0x0000000016cfa000 JavaThread "pool-2-thread-1" [_thread_blocked, id=5516, stack(0x0000000017150000,0x0000000017250000)]
  0x0000000016cf7000 JavaThread "pool-1-thread-1" [_thread_in_Java, id=2164, stack(0x0000000017050000,0x0000000017150000)]
  0x000000001525b800 JavaThread "Service Thread" daemon [_thread_blocked, id=3224, stack(0x0000000016a50000,0x0000000016b50000)]
  0x0000000015253800 JavaThread "C1 CompilerThread2" daemon [_thread_in_native, id=9564, stack(0x0000000016950000,0x0000000016a50000)]
  0x0000000015250800 JavaThread "C2 CompilerThread1" daemon [_thread_in_native, id=10108, stack(0x0000000016850000,0x0000000016950000)]
=>0x00000000151fc000 JavaThread "C2 CompilerThread0" daemon [_thread_in_native, id=2584, stack(0x0000000016750000,0x0000000016850000)]
  0x00000000151fb000 JavaThread "Attach Listener" daemon [_thread_blocked, id=10288, stack(0x0000000016650000,0x0000000016750000)]
  0x00000000151f9800 JavaThread "Signal Dispatcher" daemon [_thread_blocked, id=6912, stack(0x0000000016550000,0x0000000016650000)]
  0x0000000002b1f000 JavaThread "Finalizer" daemon [_thread_blocked, id=12192, stack(0x0000000016450000,0x0000000016550000)]
  0x00000000151c7800 JavaThread "Reference Handler" daemon [_thread_blocked, id=9348, stack(0x0000000016350000,0x0000000016450000)]
  0x000000000114d800 JavaThread "main" [_thread_blocked, id=12164, stack(0x0000000002910000,0x0000000002a10000)]

Other Threads:
  0x00000000151c5800 VMThread [stack: 0x0000000016250000,0x0000000016350000] [id=680]
  0x000000001525e800 WatcherThread [stack: 0x0000000016f50000,0x0000000017050000] [id=7508]

VM state:not at safepoint (normal execution)

VM Mutex/Monitor currently owned by a thread: None

Heap:
 PSYoungGen      total 4608K, used 1446K [0x00000000eab00000, 0x00000000eb080000, 0x0000000100000000)
  eden space 3584K, 26% used [0x00000000eab00000,0x00000000eabe98c0,0x00000000eae80000)
  from space 1024K, 50% used [0x00000000eaf80000,0x00000000eb000000,0x00000000eb080000)
  to   space 1024K, 0% used [0x00000000eae80000,0x00000000eae80000,0x00000000eaf80000)
 ParOldGen       total 129536K, used 3360K [0x00000000c0000000, 0x00000000c7e80000, 0x00000000eab00000)
  object space 129536K, 2% used [0x00000000c0000000,0x00000000c03481d8,0x00000000c7e80000)
 Metaspace       used 5629K, capacity 6704K, committed 6784K, reserved 1056768K
  class space    used 589K, capacity 616K, committed 640K, reserved 1048576K

Card table byte_map: [0x0000000011ef0000,0x0000000012100000] byte_map_base: 0x00000000118f0000

Marking Bits: (ParMarkBitMap*) 0x00000000575113b0
 Begin Bits: [0x0000000012660000, 0x0000000013660000)
 End Bits:   [0x0000000013660000, 0x0000000014660000)

Polling page: 0x0000000000de0000

CodeCache: size=245760Kb used=3580Kb max_used=3580Kb free=242179Kb
 bounds [0x0000000002b30000, 0x0000000002ec0000, 0x0000000011b30000]
 total_blobs=1219 nmethods=955 adapters=178
 compilation: enabled

Compilation events (10 events):
Event: 5.904 Thread 0x0000000015253800  977       3       com.android.dx.cf.code.Merger::isPossiblyAssignableFrom (202 bytes)
Event: 5.906 Thread 0x0000000015253800 nmethod 977 0x0000000002e97d50 code [0x0000000002e980a0, 0x0000000002e99fa8]
Event: 5.906 Thread 0x0000000015253800  979       3       com.android.dx.util.LabeledList::getMaxLabel (47 bytes)
Event: 5.906 Thread 0x0000000015253800 nmethod 979 0x0000000002e9ae10 code [0x0000000002e9afa0, 0x0000000002e9b418]
Event: 5.906 Thread 0x0000000015253800  905       3       java.util.TreeMap::get (19 bytes)
Event: 5.906 Thread 0x0000000015253800 nmethod 905 0x0000000002e9b590 code [0x0000000002e9b700, 0x0000000002e9b968]
Event: 5.906 Thread 0x0000000015253800  980       3       java.util.TreeMap$PrivateEntryIterator::hasNext (13 bytes)
Event: 5.906 Thread 0x0000000015253800 nmethod 980 0x0000000002e9ba50 code [0x0000000002e9bba0, 0x0000000002e9bd50]
Event: 5.906 Thread 0x0000000015253800  910       3       java.util.BitSet::checkRange (104 bytes)
Event: 5.908 Thread 0x0000000015253800 nmethod 910 0x0000000002e9bdd0 code [0x0000000002e9c0c0, 0x0000000002e9d7b8]

GC Heap History (10 events):
Event: 5.227 GC heap before
{Heap before GC invocations=20 (full 0):
 PSYoungGen      total 2048K, used 1312K [0x00000000eab00000, 0x00000000eae80000, 0x0000000100000000)
  eden space 1024K, 100% used [0x00000000eab00000,0x00000000eac00000,0x00000000eac00000)
  from space 1024K, 28% used [0x00000000eac00000,0x00000000eac48000,0x00000000ead00000)
  to   space 1024K, 0% used [0x00000000ead80000,0x00000000ead80000,0x00000000eae80000)
 ParOldGen       total 129536K, used 1876K [0x00000000c0000000, 0x00000000c7e80000, 0x00000000eab00000)
  object space 129536K, 1% used [0x00000000c0000000,0x00000000c01d5160,0x00000000c7e80000)
 Metaspace       used 5375K, capacity 6448K, committed 6528K, reserved 1056768K
  class space    used 587K, capacity 616K, committed 640K, reserved 1048576K
Event: 5.228 GC heap after
Heap after GC invocations=20 (full 0):
 PSYoungGen      total 2560K, used 384K [0x00000000eab00000, 0x00000000eae80000, 0x0000000100000000)
  eden space 1536K, 0% used [0x00000000eab00000,0x00000000eab00000,0x00000000eac80000)
  from space 1024K, 37% used [0x00000000ead80000,0x00000000eade0000,0x00000000eae80000)
  to   space 1024K, 0% used [0x00000000eac80000,0x00000000eac80000,0x00000000ead80000)
 ParOldGen       total 129536K, used 2112K [0x00000000c0000000, 0x00000000c7e80000, 0x00000000eab00000)
  object space 129536K, 1% used [0x00000000c0000000,0x00000000c02101a8,0x00000000c7e80000)
 Metaspace       used 5375K, capacity 6448K, committed 6528K, reserved 1056768K
  class space    used 587K, capacity 616K, committed 640K, reserved 1048576K
}
Event: 5.361 GC heap before
{Heap before GC invocations=21 (full 0):
 PSYoungGen      total 2560K, used 1920K [0x00000000eab00000, 0x00000000eae80000, 0x0000000100000000)
  eden space 1536K, 100% used [0x00000000eab00000,0x00000000eac80000,0x00000000eac80000)
  from space 1024K, 37% used [0x00000000ead80000,0x00000000eade0000,0x00000000eae80000)
  to   space 1024K, 0% used [0x00000000eac80000,0x00000000eac80000,0x00000000ead80000)
 ParOldGen       total 129536K, used 2112K [0x00000000c0000000, 0x00000000c7e80000, 0x00000000eab00000)
  object space 129536K, 1% used [0x00000000c0000000,0x00000000c02101a8,0x00000000c7e80000)
 Metaspace       used 5465K, capacity 6576K, committed 6784K, reserved 1056768K
  class space    used 589K, capacity 616K, committed 640K, reserved 1048576K
Event: 5.396 GC heap after
Heap after GC invocations=21 (full 0):
 PSYoungGen      total 2560K, used 512K [0x00000000eab00000, 0x00000000eaf80000, 0x0000000100000000)
  eden space 1536K, 0% used [0x00000000eab00000,0x00000000eab00000,0x00000000eac80000)
  from space 1024K, 50% used [0x00000000eac80000,0x00000000ead00000,0x00000000ead80000)
  to   space 1024K, 0% used [0x00000000eae80000,0x00000000eae80000,0x00000000eaf80000)
 ParOldGen       total 129536K, used 2352K [0x00000000c0000000, 0x00000000c7e80000, 0x00000000eab00000)
  object space 129536K, 1% used [0x00000000c0000000,0x00000000c024c1b8,0x00000000c7e80000)
 Metaspace       used 5465K, capacity 6576K, committed 6784K, reserved 1056768K
  class space    used 589K, capacity 616K, committed 640K, reserved 1048576K
}
Event: 5.573 GC heap before
{Heap before GC invocations=22 (full 0):
 PSYoungGen      total 2560K, used 2048K [0x00000000eab00000, 0x00000000eaf80000, 0x0000000100000000)
  eden space 1536K, 100% used [0x00000000eab00000,0x00000000eac80000,0x00000000eac80000)
  from space 1024K, 50% used [0x00000000eac80000,0x00000000ead00000,0x00000000ead80000)
  to   space 1024K, 0% used [0x00000000eae80000,0x00000000eae80000,0x00000000eaf80000)
 ParOldGen       total 129536K, used 2352K [0x00000000c0000000, 0x00000000c7e80000, 0x00000000eab00000)
  object space 129536K, 1% used [0x00000000c0000000,0x00000000c024c1b8,0x00000000c7e80000)
 Metaspace       used 5539K, capacity 6576K, committed 6784K, reserved 1056768K
  class space    used 589K, capacity 616K, committed 640K, reserved 1048576K
Event: 5.598 GC heap after
Heap after GC invocations=22 (full 0):
 PSYoungGen      total 3584K, used 416K [0x00000000eab00000, 0x00000000eaf80000, 0x0000000100000000)
  eden space 2560K, 0% used [0x00000000eab00000,0x00000000eab00000,0x00000000ead80000)
  from space 1024K, 40% used [0x00000000eae80000,0x00000000eaee8000,0x00000000eaf80000)
  to   space 1024K, 0% used [0x00000000ead80000,0x00000000ead80000,0x00000000eae80000)
 ParOldGen       total 129536K, used 2624K [0x00000000c0000000, 0x00000000c7e80000, 0x00000000eab00000)
  object space 129536K, 2% used [0x00000000c0000000,0x00000000c02901c8,0x00000000c7e80000)
 Metaspace       used 5539K, capacity 6576K, committed 6784K, reserved 1056768K
  class space    used 589K, capacity 616K, committed 640K, reserved 1048576K
}
Event: 5.662 GC heap before
{Heap before GC invocations=23 (full 0):
 PSYoungGen      total 3584K, used 2976K [0x00000000eab00000, 0x00000000eaf80000, 0x0000000100000000)
  eden space 2560K, 100% used [0x00000000eab00000,0x00000000ead80000,0x00000000ead80000)
  from space 1024K, 40% used [0x00000000eae80000,0x00000000eaee8000,0x00000000eaf80000)
  to   space 1024K, 0% used [0x00000000ead80000,0x00000000ead80000,0x00000000eae80000)
 ParOldGen       total 129536K, used 2624K [0x00000000c0000000, 0x00000000c7e80000, 0x00000000eab00000)
  object space 129536K, 2% used [0x00000000c0000000,0x00000000c02901c8,0x00000000c7e80000)
 Metaspace       used 5589K, capacity 6640K, committed 6784K, reserved 1056768K
  class space    used 589K, capacity 616K, committed 640K, reserved 1048576K
Event: 5.862 GC heap after
Heap after GC invocations=23 (full 0):
 PSYoungGen      total 3584K, used 576K [0x00000000eab00000, 0x00000000eb080000, 0x0000000100000000)
  eden space 2560K, 0% used [0x00000000eab00000,0x00000000eab00000,0x00000000ead80000)
  from space 1024K, 56% used [0x00000000ead80000,0x00000000eae10000,0x00000000eae80000)
  to   space 1024K, 0% used [0x00000000eaf80000,0x00000000eaf80000,0x00000000eb080000)
 ParOldGen       total 129536K, used 2968K [0x00000000c0000000, 0x00000000c7e80000, 0x00000000eab00000)
  object space 129536K, 2% used [0x00000000c0000000,0x00000000c02e61c8,0x00000000c7e80000)
 Metaspace       used 5589K, capacity 6640K, committed 6784K, reserved 1056768K
  class space    used 589K, capacity 616K, committed 640K, reserved 1048576K
}
Event: 5.887 GC heap before
{Heap before GC invocations=24 (full 0):
 PSYoungGen      total 3584K, used 3136K [0x00000000eab00000, 0x00000000eb080000, 0x0000000100000000)
  eden space 2560K, 100% used [0x00000000eab00000,0x00000000ead80000,0x00000000ead80000)
  from space 1024K, 56% used [0x00000000ead80000,0x00000000eae10000,0x00000000eae80000)
  to   space 1024K, 0% used [0x00000000eaf80000,0x00000000eaf80000,0x00000000eb080000)
 ParOldGen       total 129536K, used 2968K [0x00000000c0000000, 0x00000000c7e80000, 0x00000000eab00000)
  object space 129536K, 2% used [0x00000000c0000000,0x00000000c02e61c8,0x00000000c7e80000)
 Metaspace       used 5612K, capacity 6640K, committed 6784K, reserved 1056768K
  class space    used 589K, capacity 616K, committed 640K, reserved 1048576K
Event: 5.889 GC heap after
Heap after GC invocations=24 (full 0):
 PSYoungGen      total 4608K, used 512K [0x00000000eab00000, 0x00000000eb080000, 0x0000000100000000)
  eden space 3584K, 0% used [0x00000000eab00000,0x00000000eab00000,0x00000000eae80000)
  from space 1024K, 50% used [0x00000000eaf80000,0x00000000eb000000,0x00000000eb080000)
  to   space 1024K, 0% used [0x00000000eae80000,0x00000000eae80000,0x00000000eaf80000)
 ParOldGen       total 129536K, used 3360K [0x00000000c0000000, 0x00000000c7e80000, 0x00000000eab00000)
  object space 129536K, 2% used [0x00000000c0000000,0x00000000c03481d8,0x00000000c7e80000)
 Metaspace       used 5612K, capacity 6640K, committed 6784K, reserved 1056768K
  class space    used 589K, capacity 616K, committed 640K, reserved 1048576K
}

Deoptimization events (7 events):
Event: 5.266 Thread 0x0000000016cf7000 Uncommon trap: reason=unreached action=reinterpret pc=0x0000000002d7321c method=com.android.dx.rop.cst.Constant.compareTo(Lcom/android/dx/rop/cst/Constant;)I @ 12
Event: 5.361 Thread 0x000000000114d800 Uncommon trap: reason=class_check action=maybe_recompile pc=0x0000000002d715f0 method=com.android.dx.ssa.NormalSsaInsn.accept(Lcom/android/dx/ssa/SsaInsn$Visitor;)V @ 9
Event: 5.398 Thread 0x000000000114d800 Uncommon trap: reason=class_check action=maybe_recompile pc=0x0000000002d715f0 method=com.android.dx.ssa.NormalSsaInsn.accept(Lcom/android/dx/ssa/SsaInsn$Visitor;)V @ 9
Event: 5.401 Thread 0x0000000016d0e800 Uncommon trap: reason=class_check action=maybe_recompile pc=0x0000000002d715f0 method=com.android.dx.ssa.NormalSsaInsn.accept(Lcom/android/dx/ssa/SsaInsn$Visitor;)V @ 9
Event: 5.401 Thread 0x0000000016d0e800 Uncommon trap: reason=class_check action=maybe_recompile pc=0x0000000002d715f0 method=com.android.dx.ssa.NormalSsaInsn.accept(Lcom/android/dx/ssa/SsaInsn$Visitor;)V @ 9
Event: 5.871 Thread 0x0000000016d0e800 Uncommon trap: reason=null_check action=make_not_entrant pc=0x0000000002e028c4 method=com.android.dx.ssa.SsaRenamer.getLocalForNewReg(I)Lcom/android/dx/rop/code/LocalItem; @ 19
Event: 5.872 Thread 0x0000000016d0e800 Uncommon trap: reason=null_check action=make_not_entrant pc=0x0000000002df6cac method=com.android.dx.ssa.SsaRenamer.getLocalForNewReg(I)Lcom/android/dx/rop/code/LocalItem; @ 19

Internal exceptions (10 events):
Event: 5.050 Thread 0x0000000016cfe000 Exception <a 'java/security/PrivilegedActionException'> (0x00000000eab3a6c0) thrown at [D:\re\workspace\8-2-build-windows-amd64-cygwin\jdk8u5\2488\hotspot\src\share\vm\prims\jvm.cpp, line 1248]
Event: 5.052 Thread 0x0000000016cfe000 Exception <a 'java/security/PrivilegedActionException'> (0x00000000eab42030) thrown at [D:\re\workspace\8-2-build-windows-amd64-cygwin\jdk8u5\2488\hotspot\src\share\vm\prims\jvm.cpp, line 1248]
Event: 5.057 Thread 0x0000000016cfe000 Exception <a 'java/security/PrivilegedActionException'> (0x00000000eab602a0) thrown at [D:\re\workspace\8-2-build-windows-amd64-cygwin\jdk8u5\2488\hotspot\src\share\vm\prims\jvm.cpp, line 1248]
Event: 5.060 Thread 0x0000000016d0e800 Exception <a 'java/security/PrivilegedActionException'> (0x00000000eab73b48) thrown at [D:\re\workspace\8-2-build-windows-amd64-cygwin\jdk8u5\2488\hotspot\src\share\vm\prims\jvm.cpp, line 1248]
Event: 5.106 Thread 0x0000000016d0e800 Exception <a 'java/security/PrivilegedActionException'> (0x00000000eab084e8) thrown at [D:\re\workspace\8-2-build-windows-amd64-cygwin\jdk8u5\2488\hotspot\src\share\vm\prims\jvm.cpp, line 1248]
Event: 5.114 Thread 0x0000000016d0d800 Exception <a 'java/security/PrivilegedActionException'> (0x00000000eab193b8) thrown at [D:\re\workspace\8-2-build-windows-amd64-cygwin\jdk8u5\2488\hotspot\src\share\vm\prims\jvm.cpp, line 1248]
Event: 5.160 Thread 0x000000000114d800 Exception <a 'java/security/PrivilegedActionException'> (0x00000000eabddb50) thrown at [D:\re\workspace\8-2-build-windows-amd64-cygwin\jdk8u5\2488\hotspot\src\share\vm\prims\jvm.cpp, line 1248]
Event: 5.160 Thread 0x000000000114d800 Exception <a 'java/security/PrivilegedActionException'> (0x00000000eabe4110) thrown at [D:\re\workspace\8-2-build-windows-amd64-cygwin\jdk8u5\2488\hotspot\src\share\vm\prims\jvm.cpp, line 1248]
Event: 5.871 Thread 0x0000000016d0e800 Implicit null exception at 0x0000000002e00b4d to 0x0000000002e0289d
Event: 5.872 Thread 0x0000000016d0e800 Implicit null exception at 0x0000000002df4e79 to 0x0000000002df6c79

Events (10 events):
Event: 5.662 Executing VM operation: ParallelGCFailedAllocation
Event: 5.862 Executing VM operation: ParallelGCFailedAllocation done
Event: 5.871 Thread 0x0000000016d0e800 Uncommon trap: trap_request=0xfffffff4 fr.pc=0x0000000002e028c4
Event: 5.872 Thread 0x0000000016d0e800 DEOPT PACKING pc=0x0000000002e028c4 sp=0x000000001754e4f0
Event: 5.872 Thread 0x0000000016d0e800 DEOPT UNPACKING pc=0x0000000002b755af sp=0x000000001754e328 mode 2
Event: 5.872 Thread 0x0000000016d0e800 Uncommon trap: trap_request=0xfffffff4 fr.pc=0x0000000002df6cac
Event: 5.872 Thread 0x0000000016d0e800 DEOPT PACKING pc=0x0000000002df6cac sp=0x000000001754e470
Event: 5.872 Thread 0x0000000016d0e800 DEOPT UNPACKING pc=0x0000000002b755af sp=0x000000001754e318 mode 2
Event: 5.887 Executing VM operation: ParallelGCFailedAllocation
Event: 5.889 Executing VM operation: ParallelGCFailedAllocation done


Dynamic libraries:
0x00007ff79eea0000 - 0x00007ff79eed4000 	C:\Program Files\Java\jdk1.8.0_05\bin\java.exe
0x00007ff824330000 - 0x00007ff8244f1000 	C:\Windows\SYSTEM32\ntdll.dll
0x00007ff821890000 - 0x00007ff82193d000 	C:\Windows\system32\KERNEL32.DLL
0x00007ff821360000 - 0x00007ff821548000 	C:\Windows\system32\KERNELBASE.dll
0x00007ff823290000 - 0x00007ff823337000 	C:\Windows\system32\ADVAPI32.dll
0x00007ff821ad0000 - 0x00007ff821b6d000 	C:\Windows\system32\msvcrt.dll
0x00007ff821cd0000 - 0x00007ff821d2b000 	C:\Windows\system32\sechost.dll
0x00007ff821b70000 - 0x00007ff821c8c000 	C:\Windows\system32\RPCRT4.dll
0x00007ff823830000 - 0x00007ff823986000 	C:\Windows\system32\USER32.dll
0x00007ff821940000 - 0x00007ff821ac7000 	C:\Windows\system32\GDI32.dll
0x00007ff808cd0000 - 0x00007ff808f44000 	C:\Windows\WinSxS\amd64_microsoft.windows.common-controls_6595b64144ccf1df_6.0.10586.839_none_a2ddba30a539a2ae\COMCTL32.dll
0x00007ff8233b0000 - 0x00007ff82362e000 	C:\Windows\system32\combase.dll
0x00007ff821550000 - 0x00007ff8215ba000 	C:\Windows\system32\bcryptPrimitives.dll
0x00007ff821c90000 - 0x00007ff821ccb000 	C:\Windows\system32\IMM32.DLL
0x0000000057950000 - 0x0000000057a22000 	C:\Program Files\Java\jdk1.8.0_05\jre\bin\msvcr100.dll
0x0000000056d60000 - 0x000000005758a000 	C:\Program Files\Java\jdk1.8.0_05\jre\bin\server\jvm.dll
0x00007ff823770000 - 0x00007ff823778000 	C:\Windows\system32\PSAPI.DLL
0x00007ff81eb30000 - 0x00007ff81eb39000 	C:\Windows\SYSTEM32\WSOCK32.dll
0x00007ff824240000 - 0x00007ff8242ab000 	C:\Windows\system32\WS2_32.dll
0x00007ff81ebf0000 - 0x00007ff81ec13000 	C:\Windows\SYSTEM32\WINMM.dll
0x00007ff81eb90000 - 0x00007ff81ebbc000 	C:\Windows\SYSTEM32\WINMMBASE.dll
0x00007ff8210e0000 - 0x00007ff821123000 	C:\Windows\system32\cfgmgr32.dll
0x0000000057940000 - 0x000000005794f000 	C:\Program Files\Java\jdk1.8.0_05\jre\bin\verify.dll
0x0000000057910000 - 0x0000000057938000 	C:\Program Files\Java\jdk1.8.0_05\jre\bin\java.dll
0x00000000578f0000 - 0x0000000057906000 	C:\Program Files\Java\jdk1.8.0_05\jre\bin\zip.dll
0x00007ff821d30000 - 0x00007ff82328c000 	C:\Windows\system32\SHELL32.dll
0x00007ff820a00000 - 0x00007ff821044000 	C:\Windows\system32\windows.storage.dll
0x00007ff823630000 - 0x00007ff823682000 	C:\Windows\system32\shlwapi.dll
0x00007ff8209f0000 - 0x00007ff8209ff000 	C:\Windows\system32\kernel.appcore.dll
0x00007ff821670000 - 0x00007ff821725000 	C:\Windows\system32\shcore.dll
0x00007ff820980000 - 0x00007ff8209cb000 	C:\Windows\system32\powrprof.dll
0x00007ff8209d0000 - 0x00007ff8209e4000 	C:\Windows\system32\profapi.dll
0x00007ff801410000 - 0x00007ff80159c000 	C:\Windows\SYSTEM32\dbghelp.dll

VM Arguments:
jvm_args: -Djava.awt.headless=true -Xmx1024M -Dfile.encoding=windows-1251 -Duser.country=RU -Duser.language=ru -Duser.variant 
java_command: com.android.dx.command.Main --dex --num-threads=4 --output D:\AndroidDevelopment\provectus\app\build\intermediates\pre-dexed\debug\classes_88c81cc29a256788f71930eafd198c91717d1a0b.jar C:\Users\Администратор\.android\build-cache\7bb65811acf514c33911b202ba570027131f12f9\output\jars\classes.jar
java_class_path (initial): D:\AndroidDevelopment\Android\sdk\build-tools\25.0.3\lib\dx.jar
Launcher Type: SUN_STANDARD

Environment Variables:
JAVA_HOME=C:\Progra~1\Java\jdk1.8.0_05\
PATH=C:\Program Files (x86)\Common Files\Intel\Shared Files\cpp\bin\Intel64;C:\ProgramData\Oracle\Java\javapath;C:\Windows\system32;C:\Windows;C:\Windows\System32\Wbem;C:\Windows\System32\WindowsPowerShell\v1.0\;C:\Program Files\Common Files\Autodesk Shared\;C:\Program Files (x86)\Windows Kits\10\Windows Performance Toolkit\;C:\Program Files (x86)\ATI Technologies\ATI.ACE\Core-Static;C:\Program Files (x86)\Skype\Phone\;C:\Program Files\Microsoft SQL Server\Client SDK\ODBC\110\Tools\Binn\;C:\Program Files (x86)\Microsoft SQL Server\120\Tools\Binn\;C:\Program Files\Microsoft SQL Server\120\Tools\Binn\;C:\Program Files\Microsoft SQL Server\120\DTS\Binn\;C:\Program Files (x86)\Windows Kits\8.1\Windows Performance Toolkit\;D:\AndroidDevelopment\Android\sdk\platform-tools;C:\Program Files (x86)\Windows Kits\10\Windows Performance Toolkit\;C:\Progra~1\Maven\\bin
USERNAME=Администратор
OS=Windows_NT
PROCESSOR_IDENTIFIER=Intel64 Family 6 Model 58 Stepping 9, GenuineIntel



---------------  S Y S T E M  ---------------

OS: Windows 8.1 , 64 bit Build 9600 

CPU:total 4 (2 cores per cpu, 2 threads per core) family 6 model 58 stepping 9, cmov, cx8, fxsr, mmx, sse, sse2, sse3, ssse3, sse4.1, sse4.2, popcnt, avx, aes, clmul, erms, ht, tsc, tscinvbit

Memory: 4k page, physical 8282396k(997076k free), swap 8282396k(5120k free)

vm_info: Java HotSpot(TM) 64-Bit Server VM (25.5-b02) for windows-amd64 JRE (1.8.0_05-b13), built on Mar 18 2014 01:08:39 by "java_re" with MS VC++ 10.0 (VS2010)

time: Sun Jul 02 11:59:13 2017
elapsed time: 5 seconds

