#
# There is insufficient memory for the Java Runtime Environment to continue.
# Native memory allocation (malloc) failed to allocate 141360 bytes for Chunk::new
# Possible reasons:
#   The system is out of physical RAM or swap space
#   In 32 bit mode, the process size limit was hit
# Possible solutions:
#   Reduce memory load on the system
#   Increase physical memory or swap space
#   Check if swap backing store is full
#   Use 64 bit Java on a 64 bit OS
#   Decrease Java heap size (-Xmx/-Xms)
#   Decrease number of Java threads
#   Decrease Java thread stack sizes (-Xss)
#   Set larger code cache with -XX:ReservedCodeCacheSize=
# This output file may be truncated or incomplete.
#
#  Out of Memory Error (allocation.cpp:388), pid=11852, tid=9748
#
# JRE version: Java(TM) SE Runtime Environment (8.0_05-b13) (build 1.8.0_05-b13)
# Java VM: Java HotSpot(TM) 64-Bit Server VM (25.5-b02 mixed mode windows-amd64 compressed oops)
# Failed to write core dump. Minidumps are not enabled by default on client versions of Windows
#

---------------  T H R E A D  ---------------

Current thread (0x0000000014c60800):  JavaThread "C2 CompilerThread1" daemon [_thread_in_native, id=9748, stack(0x00000000162b0000,0x00000000163b0000)]

Stack: [0x00000000162b0000,0x00000000163b0000]
Native frames: (J=compiled Java code, j=interpreted, Vv=VM code, C=native code)
V  [jvm.dll+0x308dea]
V  [jvm.dll+0x25def1]
V  [jvm.dll+0x25eb0f]
V  [jvm.dll+0x2564e5]
V  [jvm.dll+0xbcfc5]
V  [jvm.dll+0xbd45c]
V  [jvm.dll+0x468c07]
V  [jvm.dll+0x436244]
V  [jvm.dll+0x44111e]
V  [jvm.dll+0x4436a9]
V  [jvm.dll+0x427532]
V  [jvm.dll+0x96702]
V  [jvm.dll+0x96ef3]
V  [jvm.dll+0x2232c4]
V  [jvm.dll+0x27baca]
C  [msvcr100.dll+0x21d9f]
C  [msvcr100.dll+0x21e3b]
C  [KERNEL32.DLL+0x18102]
C  [ntdll.dll+0x5c5b4]


Current CompileTask:
C2:   4414  755   !   4       com.android.dx.cf.cst.ConstantPoolParser::parse0 (731 bytes)


---------------  P R O C E S S  ---------------

Java Threads: ( => current thread )
  0x0000000016612000 JavaThread "pool-1-thread-4" [_thread_in_Java, id=8568, stack(0x0000000016eb0000,0x0000000016fb0000)]
  0x0000000016610800 JavaThread "pool-1-thread-3" [_thread_blocked, id=80, stack(0x0000000016db0000,0x0000000016eb0000)]
  0x0000000016602000 JavaThread "pool-1-thread-2" [_thread_blocked, id=3416, stack(0x0000000016cb0000,0x0000000016db0000)]
  0x0000000016601000 JavaThread "pool-2-thread-1" [_thread_blocked, id=3044, stack(0x0000000016bb0000,0x0000000016cb0000)]
  0x00000000165ed800 JavaThread "pool-1-thread-1" [_thread_in_Java, id=1044, stack(0x0000000016ab0000,0x0000000016bb0000)]
  0x0000000014cbe000 JavaThread "Service Thread" daemon [_thread_blocked, id=2992, stack(0x00000000168b0000,0x00000000169b0000)]
  0x0000000014c63800 JavaThread "C1 CompilerThread2" daemon [_thread_in_vm, id=6816, stack(0x00000000163b0000,0x00000000164b0000)]
=>0x0000000014c60800 JavaThread "C2 CompilerThread1" daemon [_thread_in_native, id=9748, stack(0x00000000162b0000,0x00000000163b0000)]
  0x0000000014c5d800 JavaThread "C2 CompilerThread0" daemon [_thread_blocked, id=10160, stack(0x00000000161b0000,0x00000000162b0000)]
  0x0000000014c5b800 JavaThread "Attach Listener" daemon [_thread_blocked, id=9068, stack(0x00000000160b0000,0x00000000161b0000)]
  0x0000000014c5a800 JavaThread "Signal Dispatcher" daemon [_thread_blocked, id=1896, stack(0x0000000015fb0000,0x00000000160b0000)]
  0x0000000002584800 JavaThread "Finalizer" daemon [_thread_blocked, id=10864, stack(0x0000000015eb0000,0x0000000015fb0000)]
  0x0000000014c27800 JavaThread "Reference Handler" daemon [_thread_blocked, id=11544, stack(0x0000000015db0000,0x0000000015eb0000)]
  0x000000000248d800 JavaThread "main" [_thread_in_native, id=10776, stack(0x0000000002340000,0x0000000002440000)]

Other Threads:
  0x0000000014c25800 VMThread [stack: 0x0000000015cb0000,0x0000000015db0000] [id=3768]
  0x00000000164e4800 WatcherThread [stack: 0x00000000169b0000,0x0000000016ab0000] [id=6516]

VM state:not at safepoint (normal execution)

VM Mutex/Monitor currently owned by a thread: None

Heap:
 PSYoungGen      total 5632K, used 2414K [0x00000000eab00000, 0x00000000eb700000, 0x0000000100000000)
  eden space 4096K, 21% used [0x00000000eab00000,0x00000000eabdba68,0x00000000eaf00000)
  from space 1536K, 100% used [0x00000000eaf00000,0x00000000eb080000,0x00000000eb080000)
  to   space 2048K, 0% used [0x00000000eb500000,0x00000000eb500000,0x00000000eb700000)
 ParOldGen       total 129536K, used 2028K [0x00000000c0000000, 0x00000000c7e80000, 0x00000000eab00000)
  object space 129536K, 1% used [0x00000000c0000000,0x00000000c01fb138,0x00000000c7e80000)
 Metaspace       used 5398K, capacity 6512K, committed 6784K, reserved 1056768K
  class space    used 576K, capacity 616K, committed 640K, reserved 1048576K

Card table byte_map: [0x0000000011950000,0x0000000011b60000] byte_map_base: 0x0000000011350000

Marking Bits: (ParMarkBitMap*) 0x00000000575113b0
 Begin Bits: [0x00000000120c0000, 0x00000000130c0000)
 End Bits:   [0x00000000130c0000, 0x00000000140c0000)

Polling page: 0x0000000000700000

CodeCache: size=245760Kb used=2966Kb max_used=2966Kb free=242793Kb
 bounds [0x0000000002590000, 0x0000000002880000, 0x0000000011590000]
 total_blobs=1066 nmethods=803 adapters=177
 compilation: enabled

Compilation events (10 events):
Event: 4.397 Thread 0x0000000014c63800 nmethod 774 0x000000000285d3d0 code [0x000000000285d520, 0x000000000285d630]
Event: 4.397 Thread 0x0000000014c63800  775       3       com.android.dx.rop.code.LocalItem::hashCode (41 bytes)
Event: 4.397 Thread 0x0000000014c63800 nmethod 775 0x000000000285cad0 code [0x000000000285cc60, 0x000000000285d1b8]
Event: 4.398 Thread 0x0000000014c63800  776       3       com.android.dx.cf.code.RopperMachine::jopToRopOpcode (1103 bytes)
Event: 4.398 Thread 0x0000000014c5d800  781       4       com.android.dx.ssa.NormalSsaInsn::accept (25 bytes)
Event: 4.399 Thread 0x0000000014c63800 nmethod 776 0x0000000002861a50 code [0x0000000002861d60, 0x0000000002863f18]
Event: 4.400 Thread 0x0000000014c5d800 nmethod 781 0x0000000002864850 code [0x00000000028649a0, 0x0000000002864aa8]
Event: 4.400 Thread 0x0000000014c63800  780       3       com.android.dx.ssa.SCCP::simulateBlock (54 bytes)
Event: 4.400 Thread 0x0000000014c63800 nmethod 780 0x0000000002860b90 code [0x0000000002860d80, 0x00000000028616c8]
Event: 4.400 Thread 0x0000000014c63800  778       3       com.android.dx.ssa.SsaBasicBlock::<init> (109 bytes)

GC Heap History (10 events):
Event: 1.463 GC heap before
{Heap before GC invocations=3 (full 0):
 PSYoungGen      total 1536K, used 1514K [0x00000000eab00000, 0x00000000ead00000, 0x0000000100000000)
  eden space 1024K, 99% used [0x00000000eab00000,0x00000000eabfe840,0x00000000eac00000)
  from space 512K, 96% used [0x00000000eac80000,0x00000000eacfc010,0x00000000ead00000)
  to   space 512K, 0% used [0x00000000eac00000,0x00000000eac00000,0x00000000eac80000)
 ParOldGen       total 129536K, used 109K [0x00000000c0000000, 0x00000000c7e80000, 0x00000000eab00000)
  object space 129536K, 0% used [0x00000000c0000000,0x00000000c001b778,0x00000000c7e80000)
 Metaspace       used 3514K, capacity 4880K, committed 5120K, reserved 1056768K
  class space    used 395K, capacity 456K, committed 512K, reserved 1048576K
Event: 1.464 GC heap after
Heap after GC invocations=3 (full 0):
 PSYoungGen      total 1536K, used 480K [0x00000000eab00000, 0x00000000eae00000, 0x0000000100000000)
  eden space 1024K, 0% used [0x00000000eab00000,0x00000000eab00000,0x00000000eac00000)
  from space 512K, 93% used [0x00000000eac00000,0x00000000eac78020,0x00000000eac80000)
  to   space 512K, 0% used [0x00000000ead80000,0x00000000ead80000,0x00000000eae00000)
 ParOldGen       total 129536K, used 438K [0x00000000c0000000, 0x00000000c7e80000, 0x00000000eab00000)
  object space 129536K, 0% used [0x00000000c0000000,0x00000000c006d988,0x00000000c7e80000)
 Metaspace       used 3514K, capacity 4880K, committed 5120K, reserved 1056768K
  class space    used 395K, capacity 456K, committed 512K, reserved 1048576K
}
Event: 2.092 GC heap before
{Heap before GC invocations=4 (full 0):
 PSYoungGen      total 1536K, used 1504K [0x00000000eab00000, 0x00000000eae00000, 0x0000000100000000)
  eden space 1024K, 100% used [0x00000000eab00000,0x00000000eac00000,0x00000000eac00000)
  from space 512K, 93% used [0x00000000eac00000,0x00000000eac78020,0x00000000eac80000)
  to   space 512K, 0% used [0x00000000ead80000,0x00000000ead80000,0x00000000eae00000)
 ParOldGen       total 129536K, used 438K [0x00000000c0000000, 0x00000000c7e80000, 0x00000000eab00000)
  object space 129536K, 0% used [0x00000000c0000000,0x00000000c006d988,0x00000000c7e80000)
 Metaspace       used 3776K, capacity 5104K, committed 5376K, reserved 1056768K
  class space    used 428K, capacity 488K, committed 512K, reserved 1048576K
Event: 2.093 GC heap after
Heap after GC invocations=4 (full 0):
 PSYoungGen      total 2560K, used 496K [0x00000000eab00000, 0x00000000eae00000, 0x0000000100000000)
  eden space 2048K, 0% used [0x00000000eab00000,0x00000000eab00000,0x00000000ead00000)
  from space 512K, 96% used [0x00000000ead80000,0x00000000eadfc010,0x00000000eae00000)
  to   space 512K, 0% used [0x00000000ead00000,0x00000000ead00000,0x00000000ead80000)
 ParOldGen       total 129536K, used 793K [0x00000000c0000000, 0x00000000c7e80000, 0x00000000eab00000)
  object space 129536K, 0% used [0x00000000c0000000,0x00000000c00c6638,0x00000000c7e80000)
 Metaspace       used 3776K, capacity 5104K, committed 5376K, reserved 1056768K
  class space    used 428K, capacity 488K, committed 512K, reserved 1048576K
}
Event: 2.696 GC heap before
{Heap before GC invocations=5 (full 0):
 PSYoungGen      total 2560K, used 2544K [0x00000000eab00000, 0x00000000eae00000, 0x0000000100000000)
  eden space 2048K, 100% used [0x00000000eab00000,0x00000000ead00000,0x00000000ead00000)
  from space 512K, 96% used [0x00000000ead80000,0x00000000eadfc010,0x00000000eae00000)
  to   space 512K, 0% used [0x00000000ead00000,0x00000000ead00000,0x00000000ead80000)
 ParOldGen       total 129536K, used 793K [0x00000000c0000000, 0x00000000c7e80000, 0x00000000eab00000)
  object space 129536K, 0% used [0x00000000c0000000,0x00000000c00c6638,0x00000000c7e80000)
 Metaspace       used 4356K, capacity 5584K, committed 5760K, reserved 1056768K
  class space    used 482K, capacity 520K, committed 640K, reserved 1048576K
Event: 2.706 GC heap after
Heap after GC invocations=5 (full 0):
 PSYoungGen      total 2560K, used 480K [0x00000000eab00000, 0x00000000eb200000, 0x0000000100000000)
  eden space 2048K, 0% used [0x00000000eab00000,0x00000000eab00000,0x00000000ead00000)
  from space 512K, 93% used [0x00000000ead00000,0x00000000ead78020,0x00000000ead80000)
  to   space 1536K, 0% used [0x00000000eb080000,0x00000000eb080000,0x00000000eb200000)
 ParOldGen       total 129536K, used 1557K [0x00000000c0000000, 0x00000000c7e80000, 0x00000000eab00000)
  object space 129536K, 1% used [0x00000000c0000000,0x00000000c0185628,0x00000000c7e80000)
 Metaspace       used 4356K, capacity 5584K, committed 5760K, reserved 1056768K
  class space    used 482K, capacity 520K, committed 640K, reserved 1048576K
}
Event: 3.583 GC heap before
{Heap before GC invocations=6 (full 0):
 PSYoungGen      total 2560K, used 2528K [0x00000000eab00000, 0x00000000eb200000, 0x0000000100000000)
  eden space 2048K, 100% used [0x00000000eab00000,0x00000000ead00000,0x00000000ead00000)
  from space 512K, 93% used [0x00000000ead00000,0x00000000ead78020,0x00000000ead80000)
  to   space 1536K, 0% used [0x00000000eb080000,0x00000000eb080000,0x00000000eb200000)
 ParOldGen       total 129536K, used 1557K [0x00000000c0000000, 0x00000000c7e80000, 0x00000000eab00000)
  object space 129536K, 1% used [0x00000000c0000000,0x00000000c0185628,0x00000000c7e80000)
 Metaspace       used 4990K, capacity 6160K, committed 6272K, reserved 1056768K
  class space    used 555K, capacity 584K, committed 640K, reserved 1048576K
Event: 3.586 GC heap after
Heap after GC invocations=6 (full 0):
 PSYoungGen      total 5632K, used 1040K [0x00000000eab00000, 0x00000000eb200000, 0x0000000100000000)
  eden space 4096K, 0% used [0x00000000eab00000,0x00000000eab00000,0x00000000eaf00000)
  from space 1536K, 67% used [0x00000000eb080000,0x00000000eb184338,0x00000000eb200000)
  to   space 1536K, 0% used [0x00000000eaf00000,0x00000000eaf00000,0x00000000eb080000)
 ParOldGen       total 129536K, used 1557K [0x00000000c0000000, 0x00000000c7e80000, 0x00000000eab00000)
  object space 129536K, 1% used [0x00000000c0000000,0x00000000c0185628,0x00000000c7e80000)
 Metaspace       used 4990K, capacity 6160K, committed 6272K, reserved 1056768K
  class space    used 555K, capacity 584K, committed 640K, reserved 1048576K
}
Event: 4.154 GC heap before
{Heap before GC invocations=7 (full 0):
 PSYoungGen      total 5632K, used 5136K [0x00000000eab00000, 0x00000000eb200000, 0x0000000100000000)
  eden space 4096K, 100% used [0x00000000eab00000,0x00000000eaf00000,0x00000000eaf00000)
  from space 1536K, 67% used [0x00000000eb080000,0x00000000eb184338,0x00000000eb200000)
  to   space 1536K, 0% used [0x00000000eaf00000,0x00000000eaf00000,0x00000000eb080000)
 ParOldGen       total 129536K, used 1557K [0x00000000c0000000, 0x00000000c7e80000, 0x00000000eab00000)
  object space 129536K, 1% used [0x00000000c0000000,0x00000000c0185628,0x00000000c7e80000)
 Metaspace       used 5353K, capacity 6512K, committed 6784K, reserved 1056768K
  class space    used 576K, capacity 616K, committed 640K, reserved 1048576K
Event: 4.376 GC heap after
Heap after GC invocations=7 (full 0):
 PSYoungGen      total 5632K, used 1536K [0x00000000eab00000, 0x00000000eb700000, 0x0000000100000000)
  eden space 4096K, 0% used [0x00000000eab00000,0x00000000eab00000,0x00000000eaf00000)
  from space 1536K, 100% used [0x00000000eaf00000,0x00000000eb080000,0x00000000eb080000)
  to   space 2048K, 0% used [0x00000000eb500000,0x00000000eb500000,0x00000000eb700000)
 ParOldGen       total 129536K, used 2028K [0x00000000c0000000, 0x00000000c7e80000, 0x00000000eab00000)
  object space 129536K, 1% used [0x00000000c0000000,0x00000000c01fb138,0x00000000c7e80000)
 Metaspace       used 5353K, capacity 6512K, committed 6784K, reserved 1056768K
  class space    used 576K, capacity 616K, committed 640K, reserved 1048576K
}

Deoptimization events (8 events):
Event: 3.820 Thread 0x0000000016612000 Uncommon trap: reason=class_check action=maybe_recompile pc=0x00000000027b49a0 method=com.android.dx.cf.iface.StdAttributeList.findFirst(Ljava/lang/String;)Lcom/android/dx/cf/iface/Attribute; @ 21
Event: 3.820 Thread 0x0000000016612000 Uncommon trap: reason=class_check action=maybe_recompile pc=0x00000000027b49a0 method=com.android.dx.cf.iface.StdAttributeList.findFirst(Ljava/lang/String;)Lcom/android/dx/cf/iface/Attribute; @ 21
Event: 3.820 Thread 0x0000000016612000 Uncommon trap: reason=class_check action=maybe_recompile pc=0x00000000027b49a0 method=com.android.dx.cf.iface.StdAttributeList.findFirst(Ljava/lang/String;)Lcom/android/dx/cf/iface/Attribute; @ 21
Event: 3.820 Thread 0x0000000016612000 Uncommon trap: reason=class_check action=maybe_recompile pc=0x00000000027b49a0 method=com.android.dx.cf.iface.StdAttributeList.findFirst(Ljava/lang/String;)Lcom/android/dx/cf/iface/Attribute; @ 21
Event: 3.826 Thread 0x0000000016612000 Uncommon trap: reason=bimorphic action=maybe_recompile pc=0x00000000027bd6c4 method=com.android.dx.cf.iface.StdAttributeList.findFirst(Ljava/lang/String;)Lcom/android/dx/cf/iface/Attribute; @ 21
Event: 3.826 Thread 0x0000000016612000 Uncommon trap: reason=bimorphic action=maybe_recompile pc=0x00000000027bd6c4 method=com.android.dx.cf.iface.StdAttributeList.findFirst(Ljava/lang/String;)Lcom/android/dx/cf/iface/Attribute; @ 21
Event: 3.826 Thread 0x0000000016612000 Uncommon trap: reason=bimorphic action=maybe_recompile pc=0x00000000027bd6c4 method=com.android.dx.cf.iface.StdAttributeList.findFirst(Ljava/lang/String;)Lcom/android/dx/cf/iface/Attribute; @ 21
Event: 3.826 Thread 0x0000000016612000 Uncommon trap: reason=bimorphic action=maybe_recompile pc=0x00000000027bd6c4 method=com.android.dx.cf.iface.StdAttributeList.findFirst(Ljava/lang/String;)Lcom/android/dx/cf/iface/Attribute; @ 21

Internal exceptions (10 events):
Event: 3.651 Thread 0x000000000248d800 Exception <a 'java/security/PrivilegedActionException'> (0x00000000eabbff60) thrown at [D:\re\workspace\8-2-build-windows-amd64-cygwin\jdk8u5\2488\hotspot\src\share\vm\prims\jvm.cpp, line 1248]
Event: 3.652 Thread 0x000000000248d800 Exception <a 'java/security/PrivilegedActionException'> (0x00000000eabc39e8) thrown at [D:\re\workspace\8-2-build-windows-amd64-cygwin\jdk8u5\2488\hotspot\src\share\vm\prims\jvm.cpp, line 1248]
Event: 3.657 Thread 0x000000000248d800 Exception <a 'java/security/PrivilegedActionException'> (0x00000000eabd04b0) thrown at [D:\re\workspace\8-2-build-windows-amd64-cygwin\jdk8u5\2488\hotspot\src\share\vm\prims\jvm.cpp, line 1248]
Event: 3.658 Thread 0x000000000248d800 Exception <a 'java/security/PrivilegedActionException'> (0x00000000eabd69a0) thrown at [D:\re\workspace\8-2-build-windows-amd64-cygwin\jdk8u5\2488\hotspot\src\share\vm\prims\jvm.cpp, line 1248]
Event: 3.658 Thread 0x000000000248d800 Exception <a 'java/security/PrivilegedActionException'> (0x00000000eabdb328) thrown at [D:\re\workspace\8-2-build-windows-amd64-cygwin\jdk8u5\2488\hotspot\src\share\vm\prims\jvm.cpp, line 1248]
Event: 3.659 Thread 0x000000000248d800 Exception <a 'java/security/PrivilegedActionException'> (0x00000000eabe1020) thrown at [D:\re\workspace\8-2-build-windows-amd64-cygwin\jdk8u5\2488\hotspot\src\share\vm\prims\jvm.cpp, line 1248]
Event: 3.660 Thread 0x000000000248d800 Exception <a 'java/security/PrivilegedActionException'> (0x00000000eabe7c38) thrown at [D:\re\workspace\8-2-build-windows-amd64-cygwin\jdk8u5\2488\hotspot\src\share\vm\prims\jvm.cpp, line 1248]
Event: 3.661 Thread 0x000000000248d800 Exception <a 'java/security/PrivilegedActionException'> (0x00000000eabef7b0) thrown at [D:\re\workspace\8-2-build-windows-amd64-cygwin\jdk8u5\2488\hotspot\src\share\vm\prims\jvm.cpp, line 1248]
Event: 3.662 Thread 0x000000000248d800 Exception <a 'java/security/PrivilegedActionException'> (0x00000000eabf2a20) thrown at [D:\re\workspace\8-2-build-windows-amd64-cygwin\jdk8u5\2488\hotspot\src\share\vm\prims\jvm.cpp, line 1248]
Event: 3.678 Thread 0x0000000016612000 Exception <a 'java/security/PrivilegedActionException'> (0x00000000eac0eff8) thrown at [D:\re\workspace\8-2-build-windows-amd64-cygwin\jdk8u5\2488\hotspot\src\share\vm\prims\jvm.cpp, line 1248]

Events (10 events):
Event: 3.826 Thread 0x0000000016612000 DEOPT UNPACKING pc=0x00000000025d55af sp=0x0000000016fae860 mode 2
Event: 3.826 Thread 0x0000000016612000 Uncommon trap: trap_request=0xffffffc6 fr.pc=0x00000000027bd6c4
Event: 3.826 Thread 0x0000000016612000 DEOPT PACKING pc=0x00000000027bd6c4 sp=0x0000000016fae8b0
Event: 3.826 Thread 0x0000000016612000 DEOPT UNPACKING pc=0x00000000025d55af sp=0x0000000016fae860 mode 2
Event: 4.116 Executing VM operation: EnableBiasedLocking
Event: 4.135 Executing VM operation: EnableBiasedLocking done
Event: 4.153 Executing VM operation: ParallelGCFailedAllocation
Event: 4.376 Executing VM operation: ParallelGCFailedAllocation done
Event: 4.377 Executing VM operation: RevokeBias
Event: 4.377 Executing VM operation: RevokeBias done


Dynamic libraries:
0x00007ff79eea0000 - 0x00007ff79eed4000 	C:\Program Files\Java\jdk1.8.0_05\bin\java.exe
0x00007ff824330000 - 0x00007ff8244f1000 	C:\Windows\SYSTEM32\ntdll.dll
0x00007ff821890000 - 0x00007ff82193d000 	C:\Windows\system32\KERNEL32.DLL
0x00007ff821360000 - 0x00007ff821548000 	C:\Windows\system32\KERNELBASE.dll
0x00007ff823290000 - 0x00007ff823337000 	C:\Windows\system32\ADVAPI32.dll
0x00007ff821ad0000 - 0x00007ff821b6d000 	C:\Windows\system32\msvcrt.dll
0x00007ff821cd0000 - 0x00007ff821d2b000 	C:\Windows\system32\sechost.dll
0x00007ff821b70000 - 0x00007ff821c8c000 	C:\Windows\system32\RPCRT4.dll
0x00007ff823830000 - 0x00007ff823986000 	C:\Windows\system32\USER32.dll
0x00007ff821940000 - 0x00007ff821ac7000 	C:\Windows\system32\GDI32.dll
0x00007ff808cd0000 - 0x00007ff808f44000 	C:\Windows\WinSxS\amd64_microsoft.windows.common-controls_6595b64144ccf1df_6.0.10586.839_none_a2ddba30a539a2ae\COMCTL32.dll
0x00007ff8233b0000 - 0x00007ff82362e000 	C:\Windows\system32\combase.dll
0x00007ff821550000 - 0x00007ff8215ba000 	C:\Windows\system32\bcryptPrimitives.dll
0x00007ff821c90000 - 0x00007ff821ccb000 	C:\Windows\system32\IMM32.DLL
0x0000000057950000 - 0x0000000057a22000 	C:\Program Files\Java\jdk1.8.0_05\jre\bin\msvcr100.dll
0x0000000056d60000 - 0x000000005758a000 	C:\Program Files\Java\jdk1.8.0_05\jre\bin\server\jvm.dll
0x00007ff823770000 - 0x00007ff823778000 	C:\Windows\system32\PSAPI.DLL
0x00007ff81eb30000 - 0x00007ff81eb39000 	C:\Windows\SYSTEM32\WSOCK32.dll
0x00007ff81ebf0000 - 0x00007ff81ec13000 	C:\Windows\SYSTEM32\WINMM.dll
0x00007ff824240000 - 0x00007ff8242ab000 	C:\Windows\system32\WS2_32.dll
0x00007ff81eb90000 - 0x00007ff81ebbc000 	C:\Windows\SYSTEM32\WINMMBASE.dll
0x00007ff8210e0000 - 0x00007ff821123000 	C:\Windows\system32\cfgmgr32.dll
0x0000000057940000 - 0x000000005794f000 	C:\Program Files\Java\jdk1.8.0_05\jre\bin\verify.dll
0x0000000057910000 - 0x0000000057938000 	C:\Program Files\Java\jdk1.8.0_05\jre\bin\java.dll
0x00000000578f0000 - 0x0000000057906000 	C:\Program Files\Java\jdk1.8.0_05\jre\bin\zip.dll
0x00007ff821d30000 - 0x00007ff82328c000 	C:\Windows\system32\SHELL32.dll
0x00007ff820a00000 - 0x00007ff821044000 	C:\Windows\system32\windows.storage.dll
0x00007ff823630000 - 0x00007ff823682000 	C:\Windows\system32\shlwapi.dll
0x00007ff8209f0000 - 0x00007ff8209ff000 	C:\Windows\system32\kernel.appcore.dll
0x00007ff821670000 - 0x00007ff821725000 	C:\Windows\system32\shcore.dll
0x00007ff820980000 - 0x00007ff8209cb000 	C:\Windows\system32\powrprof.dll
0x00007ff8209d0000 - 0x00007ff8209e4000 	C:\Windows\system32\profapi.dll
0x00007ff801410000 - 0x00007ff80159c000 	C:\Windows\SYSTEM32\dbghelp.dll

VM Arguments:
jvm_args: -Djava.awt.headless=true -Xmx1024M -Dfile.encoding=windows-1251 -Duser.country=RU -Duser.language=ru -Duser.variant 
java_command: com.android.dx.command.Main --dex --num-threads=4 --output D:\AndroidDevelopment\provectus\app\build\intermediates\pre-dexed\debug\debug_cd26bd901e160f02328131108a7d6618ee15c767.jar D:\AndroidDevelopment\provectus\app\build\intermediates\classes\debug
java_class_path (initial): D:\AndroidDevelopment\Android\sdk\build-tools\25.0.3\lib\dx.jar
Launcher Type: SUN_STANDARD

Environment Variables:
JAVA_HOME=C:\Progra~1\Java\jdk1.8.0_05\
PATH=C:\Program Files (x86)\Common Files\Intel\Shared Files\cpp\bin\Intel64;C:\ProgramData\Oracle\Java\javapath;C:\Windows\system32;C:\Windows;C:\Windows\System32\Wbem;C:\Windows\System32\WindowsPowerShell\v1.0\;C:\Program Files\Common Files\Autodesk Shared\;C:\Program Files (x86)\Windows Kits\10\Windows Performance Toolkit\;C:\Program Files (x86)\ATI Technologies\ATI.ACE\Core-Static;C:\Program Files (x86)\Skype\Phone\;C:\Program Files\Microsoft SQL Server\Client SDK\ODBC\110\Tools\Binn\;C:\Program Files (x86)\Microsoft SQL Server\120\Tools\Binn\;C:\Program Files\Microsoft SQL Server\120\Tools\Binn\;C:\Program Files\Microsoft SQL Server\120\DTS\Binn\;C:\Program Files (x86)\Windows Kits\8.1\Windows Performance Toolkit\;D:\AndroidDevelopment\Android\sdk\platform-tools;C:\Program Files (x86)\Windows Kits\10\Windows Performance Toolkit\;C:\Progra~1\Maven\\bin
USERNAME=Администратор
OS=Windows_NT
PROCESSOR_IDENTIFIER=Intel64 Family 6 Model 58 Stepping 9, GenuineIntel



---------------  S Y S T E M  ---------------

OS: Windows 8.1 , 64 bit Build 9600 

CPU:total 4 (2 cores per cpu, 2 threads per core) family 6 model 58 stepping 9, cmov, cx8, fxsr, mmx, sse, sse2, sse3, ssse3, sse4.1, sse4.2, popcnt, avx, aes, clmul, erms, ht, tsc, tscinvbit

Memory: 4k page, physical 8282396k(1250808k free), swap 8282396k(4284k free)

vm_info: Java HotSpot(TM) 64-Bit Server VM (25.5-b02) for windows-amd64 JRE (1.8.0_05-b13), built on Mar 18 2014 01:08:39 by "java_re" with MS VC++ 10.0 (VS2010)

time: Sun Jul 02 12:15:53 2017
elapsed time: 4 seconds

