#
# There is insufficient memory for the Java Runtime Environment to continue.
# Native memory allocation (malloc) failed to allocate 518016 bytes for Chunk::new
# Possible reasons:
#   The system is out of physical RAM or swap space
#   In 32 bit mode, the process size limit was hit
# Possible solutions:
#   Reduce memory load on the system
#   Increase physical memory or swap space
#   Check if swap backing store is full
#   Use 64 bit Java on a 64 bit OS
#   Decrease Java heap size (-Xmx/-Xms)
#   Decrease number of Java threads
#   Decrease Java thread stack sizes (-Xss)
#   Set larger code cache with -XX:ReservedCodeCacheSize=
# This output file may be truncated or incomplete.
#
#  Out of Memory Error (allocation.cpp:388), pid=2304, tid=840
#
# JRE version: Java(TM) SE Runtime Environment (8.0_05-b13) (build 1.8.0_05-b13)
# Java VM: Java HotSpot(TM) 64-Bit Server VM (25.5-b02 mixed mode windows-amd64 compressed oops)
# Failed to write core dump. Minidumps are not enabled by default on client versions of Windows
#

---------------  T H R E A D  ---------------

Current thread (0x0000000014aac000):  JavaThread "C2 CompilerThread0" daemon [_thread_in_native, id=840, stack(0x0000000016000000,0x0000000016100000)]

Stack: [0x0000000016000000,0x0000000016100000]
Native frames: (J=compiled Java code, j=interpreted, Vv=VM code, C=native code)
V  [jvm.dll+0x308dea]
V  [jvm.dll+0x25def1]
V  [jvm.dll+0x25eb0f]
V  [jvm.dll+0x2564e5]
V  [jvm.dll+0xbcfc5]
V  [jvm.dll+0xbd45c]
V  [jvm.dll+0x44d422]
V  [jvm.dll+0x48e13f]
V  [jvm.dll+0x442075]
V  [jvm.dll+0x44366b]
V  [jvm.dll+0x427532]
V  [jvm.dll+0x96702]
V  [jvm.dll+0x96ef3]
V  [jvm.dll+0x2232c4]
V  [jvm.dll+0x27baca]
C  [msvcr100.dll+0x21d9f]
C  [msvcr100.dll+0x21e3b]
C  [KERNEL32.DLL+0x18102]
C  [ntdll.dll+0x5c5b4]


Current CompileTask:
C2:   4482 1056   !   4       com.android.dx.cf.cst.ConstantPoolParser::parse0 (731 bytes)


---------------  P R O C E S S  ---------------

Java Threads: ( => current thread )
  0x0000000016597000 JavaThread "pool-1-thread-4" [_thread_blocked, id=8108, stack(0x0000000017500000,0x0000000017600000)]
  0x0000000016594800 JavaThread "pool-1-thread-3" [_thread_in_Java, id=8880, stack(0x0000000017400000,0x0000000017500000)]
  0x0000000016593800 JavaThread "pool-1-thread-2" [_thread_in_Java, id=9004, stack(0x0000000017300000,0x0000000017400000)]
  0x0000000016584800 JavaThread "pool-2-thread-1" [_thread_blocked, id=10312, stack(0x0000000017200000,0x0000000017300000)]
  0x0000000016583800 JavaThread "pool-1-thread-1" [_thread_blocked, id=8016, stack(0x0000000017100000,0x0000000017200000)]
  0x0000000016315800 JavaThread "Service Thread" daemon [_thread_blocked, id=11308, stack(0x0000000016700000,0x0000000016800000)]
  0x0000000014b03800 JavaThread "C1 CompilerThread2" daemon [_thread_in_native, id=11880, stack(0x0000000016200000,0x0000000016300000)]
  0x0000000014aaf800 JavaThread "C2 CompilerThread1" daemon [_thread_blocked, id=2596, stack(0x0000000016100000,0x0000000016200000)]
=>0x0000000014aac000 JavaThread "C2 CompilerThread0" daemon [_thread_in_native, id=840, stack(0x0000000016000000,0x0000000016100000)]
  0x0000000014aab000 JavaThread "Attach Listener" daemon [_thread_blocked, id=10952, stack(0x0000000015f00000,0x0000000016000000)]
  0x0000000014aa9800 JavaThread "Signal Dispatcher" daemon [_thread_blocked, id=10332, stack(0x0000000015e00000,0x0000000015f00000)]
  0x00000000023d4800 JavaThread "Finalizer" daemon [_thread_blocked, id=8520, stack(0x0000000015d00000,0x0000000015e00000)]
  0x0000000014a77800 JavaThread "Reference Handler" daemon [_thread_blocked, id=1572, stack(0x0000000015c00000,0x0000000015d00000)]
  0x00000000021dd800 JavaThread "main" [_thread_blocked, id=7344, stack(0x00000000021e0000,0x00000000022e0000)]

Other Threads:
  0x0000000014a75800 VMThread [stack: 0x0000000015b00000,0x0000000015c00000] [id=8572]
  0x0000000016317800 WatcherThread [stack: 0x0000000016800000,0x0000000016900000] [id=5892]

VM state:not at safepoint (normal execution)

VM Mutex/Monitor currently owned by a thread:  ([mutex/lock_event])
[0x00000000021dcd10] Heap_lock - owner thread: 0x0000000016597000

Heap:
 PSYoungGen      total 10240K, used 4560K [0x00000000eab00000, 0x00000000ebc00000, 0x0000000100000000)
  eden space 8192K, 30% used [0x00000000eab00000,0x00000000ead74518,0x00000000eb300000)
  from space 2048K, 99% used [0x00000000eba00000,0x00000000ebbffd48,0x00000000ebc00000)
  to   space 1024K, 0% used [0x00000000eb300000,0x00000000eb300000,0x00000000eb400000)
 ParOldGen       total 129536K, used 3347K [0x00000000c0000000, 0x00000000c7e80000, 0x00000000eab00000)
  object space 129536K, 2% used [0x00000000c0000000,0x00000000c0344e70,0x00000000c7e80000)
 Metaspace       used 5681K, capacity 6704K, committed 6784K, reserved 1056768K
  class space    used 591K, capacity 616K, committed 640K, reserved 1048576K

Card table byte_map: [0x00000000117a0000,0x00000000119b0000] byte_map_base: 0x00000000111a0000

Marking Bits: (ParMarkBitMap*) 0x00000000575113b0
 Begin Bits: [0x0000000011f10000, 0x0000000012f10000)
 End Bits:   [0x0000000012f10000, 0x0000000013f10000)

Polling page: 0x0000000000480000

CodeCache: size=245760Kb used=4023Kb max_used=4023Kb free=241736Kb
 bounds [0x00000000023e0000, 0x00000000027e0000, 0x00000000113e0000]
 total_blobs=1333 nmethods=1069 adapters=178
 compilation: enabled

Compilation events (10 events):
Event: 4.464 Thread 0x0000000014b03800 nmethod 1077 0x00000000027ab190 code [0x00000000027ab300, 0x00000000027ab550]
Event: 4.464 Thread 0x0000000014b03800 1058       3       com.android.dx.dex.file.Item::<init> (5 bytes)
Event: 4.465 Thread 0x0000000014b03800 nmethod 1058 0x00000000027aadd0 code [0x00000000027aaf20, 0x00000000027ab0d0]
Event: 4.465 Thread 0x0000000014b03800 1075       3       com.android.dx.dex.file.Section::throwIfPrepared (18 bytes)
Event: 4.465 Thread 0x0000000014b03800 nmethod 1075 0x00000000027b9f10 code [0x00000000027ba080, 0x00000000027ba2a8]
Event: 4.465 Thread 0x0000000014b03800 1057       3       com.android.dx.rop.code.BasicBlock::getFirstInsn (9 bytes)
Event: 4.465 Thread 0x0000000014b03800 nmethod 1057 0x00000000027ba350 code [0x00000000027ba4c0, 0x00000000027ba888]
Event: 4.465 Thread 0x0000000014b03800 1051       3       com.android.dx.util.IntList::shrink (42 bytes)
Event: 4.465 Thread 0x0000000014b03800 nmethod 1051 0x00000000027ba990 code [0x00000000027bab40, 0x00000000027bb008]
Event: 4.465 Thread 0x0000000014b03800 1078       3       com.android.dx.rop.code.RopMethod::calcPredecessors (227 bytes)

GC Heap History (10 events):
Event: 1.362 GC heap before
{Heap before GC invocations=6 (full 0):
 PSYoungGen      total 2560K, used 2560K [0x00000000eab00000, 0x00000000eb100000, 0x0000000100000000)
  eden space 2048K, 100% used [0x00000000eab00000,0x00000000ead00000,0x00000000ead00000)
  from space 512K, 100% used [0x00000000ead00000,0x00000000ead80000,0x00000000ead80000)
  to   space 1024K, 0% used [0x00000000eb000000,0x00000000eb000000,0x00000000eb100000)
 ParOldGen       total 129536K, used 516K [0x00000000c0000000, 0x00000000c7e80000, 0x00000000eab00000)
  object space 129536K, 0% used [0x00000000c0000000,0x00000000c0081090,0x00000000c7e80000)
 Metaspace       used 3464K, capacity 4720K, committed 4864K, reserved 1056768K
  class space    used 375K, capacity 424K, committed 512K, reserved 1048576K
Event: 1.363 GC heap after
Heap after GC invocations=6 (full 0):
 PSYoungGen      total 5120K, used 576K [0x00000000eab00000, 0x00000000eb100000, 0x0000000100000000)
  eden space 4096K, 0% used [0x00000000eab00000,0x00000000eab00000,0x00000000eaf00000)
  from space 1024K, 56% used [0x00000000eb000000,0x00000000eb090000,0x00000000eb100000)
  to   space 1024K, 0% used [0x00000000eaf00000,0x00000000eaf00000,0x00000000eb000000)
 ParOldGen       total 129536K, used 516K [0x00000000c0000000, 0x00000000c7e80000, 0x00000000eab00000)
  object space 129536K, 0% used [0x00000000c0000000,0x00000000c0081090,0x00000000c7e80000)
 Metaspace       used 3464K, capacity 4720K, committed 4864K, reserved 1056768K
  class space    used 375K, capacity 424K, committed 512K, reserved 1048576K
}
Event: 1.380 GC heap before
{Heap before GC invocations=7 (full 0):
 PSYoungGen      total 5120K, used 4672K [0x00000000eab00000, 0x00000000eb100000, 0x0000000100000000)
  eden space 4096K, 100% used [0x00000000eab00000,0x00000000eaf00000,0x00000000eaf00000)
  from space 1024K, 56% used [0x00000000eb000000,0x00000000eb090000,0x00000000eb100000)
  to   space 1024K, 0% used [0x00000000eaf00000,0x00000000eaf00000,0x00000000eb000000)
 ParOldGen       total 129536K, used 516K [0x00000000c0000000, 0x00000000c7e80000, 0x00000000eab00000)
  object space 129536K, 0% used [0x00000000c0000000,0x00000000c0081090,0x00000000c7e80000)
 Metaspace       used 3464K, capacity 4720K, committed 4864K, reserved 1056768K
  class space    used 375K, capacity 424K, committed 512K, reserved 1048576K
Event: 1.381 GC heap after
Heap after GC invocations=7 (full 0):
 PSYoungGen      total 5120K, used 304K [0x00000000eab00000, 0x00000000eb500000, 0x0000000100000000)
  eden space 4096K, 0% used [0x00000000eab00000,0x00000000eab00000,0x00000000eaf00000)
  from space 1024K, 29% used [0x00000000eaf00000,0x00000000eaf4c010,0x00000000eb000000)
  to   space 1024K, 0% used [0x00000000eb400000,0x00000000eb400000,0x00000000eb500000)
 ParOldGen       total 129536K, used 776K [0x00000000c0000000, 0x00000000c7e80000, 0x00000000eab00000)
  object space 129536K, 0% used [0x00000000c0000000,0x00000000c00c20f0,0x00000000c7e80000)
 Metaspace       used 3464K, capacity 4720K, committed 4864K, reserved 1056768K
  class space    used 375K, capacity 424K, committed 512K, reserved 1048576K
}
Event: 1.777 GC heap before
{Heap before GC invocations=8 (full 0):
 PSYoungGen      total 5120K, used 4400K [0x00000000eab00000, 0x00000000eb500000, 0x0000000100000000)
  eden space 4096K, 100% used [0x00000000eab00000,0x00000000eaf00000,0x00000000eaf00000)
  from space 1024K, 29% used [0x00000000eaf00000,0x00000000eaf4c010,0x00000000eb000000)
  to   space 1024K, 0% used [0x00000000eb400000,0x00000000eb400000,0x00000000eb500000)
 ParOldGen       total 129536K, used 776K [0x00000000c0000000, 0x00000000c7e80000, 0x00000000eab00000)
  object space 129536K, 0% used [0x00000000c0000000,0x00000000c00c20f0,0x00000000c7e80000)
 Metaspace       used 3818K, capacity 5040K, committed 5120K, reserved 1056768K
  class space    used 429K, capacity 488K, committed 512K, reserved 1048576K
Event: 1.785 GC heap after
Heap after GC invocations=8 (full 0):
 PSYoungGen      total 9216K, used 455K [0x00000000eab00000, 0x00000000eb500000, 0x0000000100000000)
  eden space 8192K, 0% used [0x00000000eab00000,0x00000000eab00000,0x00000000eb300000)
  from space 1024K, 44% used [0x00000000eb400000,0x00000000eb471c50,0x00000000eb500000)
  to   space 1024K, 0% used [0x00000000eb300000,0x00000000eb300000,0x00000000eb400000)
 ParOldGen       total 129536K, used 1032K [0x00000000c0000000, 0x00000000c7e80000, 0x00000000eab00000)
  object space 129536K, 0% used [0x00000000c0000000,0x00000000c0102110,0x00000000c7e80000)
 Metaspace       used 3818K, capacity 5040K, committed 5120K, reserved 1056768K
  class space    used 429K, capacity 488K, committed 512K, reserved 1048576K
}
Event: 3.803 GC heap before
{Heap before GC invocations=9 (full 0):
 PSYoungGen      total 9216K, used 8647K [0x00000000eab00000, 0x00000000eb500000, 0x0000000100000000)
  eden space 8192K, 100% used [0x00000000eab00000,0x00000000eb300000,0x00000000eb300000)
  from space 1024K, 44% used [0x00000000eb400000,0x00000000eb471c50,0x00000000eb500000)
  to   space 1024K, 0% used [0x00000000eb300000,0x00000000eb300000,0x00000000eb400000)
 ParOldGen       total 129536K, used 1032K [0x00000000c0000000, 0x00000000c7e80000, 0x00000000eab00000)
  object space 129536K, 0% used [0x00000000c0000000,0x00000000c0102110,0x00000000c7e80000)
 Metaspace       used 5406K, capacity 6448K, committed 6528K, reserved 1056768K
  class space    used 590K, capacity 616K, committed 640K, reserved 1048576K
Event: 4.007 GC heap after
Heap after GC invocations=9 (full 0):
 PSYoungGen      total 9216K, used 1018K [0x00000000eab00000, 0x00000000ebc00000, 0x0000000100000000)
  eden space 8192K, 0% used [0x00000000eab00000,0x00000000eab00000,0x00000000eb300000)
  from space 1024K, 99% used [0x00000000eb300000,0x00000000eb3fea98,0x00000000eb400000)
  to   space 2048K, 0% used [0x00000000eba00000,0x00000000eba00000,0x00000000ebc00000)
 ParOldGen       total 129536K, used 2471K [0x00000000c0000000, 0x00000000c7e80000, 0x00000000eab00000)
  object space 129536K, 1% used [0x00000000c0000000,0x00000000c0269e30,0x00000000c7e80000)
 Metaspace       used 5406K, capacity 6448K, committed 6528K, reserved 1056768K
  class space    used 590K, capacity 616K, committed 640K, reserved 1048576K
}
Event: 4.406 GC heap before
{Heap before GC invocations=10 (full 0):
 PSYoungGen      total 9216K, used 9210K [0x00000000eab00000, 0x00000000ebc00000, 0x0000000100000000)
  eden space 8192K, 100% used [0x00000000eab00000,0x00000000eb300000,0x00000000eb300000)
  from space 1024K, 99% used [0x00000000eb300000,0x00000000eb3fea98,0x00000000eb400000)
  to   space 2048K, 0% used [0x00000000eba00000,0x00000000eba00000,0x00000000ebc00000)
 ParOldGen       total 129536K, used 2471K [0x00000000c0000000, 0x00000000c7e80000, 0x00000000eab00000)
  object space 129536K, 1% used [0x00000000c0000000,0x00000000c0269e30,0x00000000c7e80000)
 Metaspace       used 5669K, capacity 6704K, committed 6784K, reserved 1056768K
  class space    used 591K, capacity 616K, committed 640K, reserved 1048576K
Event: 4.458 GC heap after
Heap after GC invocations=10 (full 0):
 PSYoungGen      total 10240K, used 2047K [0x00000000eab00000, 0x00000000ebc00000, 0x0000000100000000)
  eden space 8192K, 0% used [0x00000000eab00000,0x00000000eab00000,0x00000000eb300000)
  from space 2048K, 99% used [0x00000000eba00000,0x00000000ebbffd48,0x00000000ebc00000)
  to   space 1024K, 0% used [0x00000000eb300000,0x00000000eb300000,0x00000000eb400000)
 ParOldGen       total 129536K, used 3347K [0x00000000c0000000, 0x00000000c7e80000, 0x00000000eab00000)
  object space 129536K, 2% used [0x00000000c0000000,0x00000000c0344e70,0x00000000c7e80000)
 Metaspace       used 5669K, capacity 6704K, committed 6784K, reserved 1056768K
  class space    used 591K, capacity 616K, committed 640K, reserved 1048576K
}

Deoptimization events (0 events):
No events

Internal exceptions (10 events):
Event: 3.734 Thread 0x00000000021dd800 Exception <a 'java/security/PrivilegedActionException'> (0x00000000eb167f90) thrown at [D:\re\workspace\8-2-build-windows-amd64-cygwin\jdk8u5\2488\hotspot\src\share\vm\prims\jvm.cpp, line 1248]
Event: 3.739 Thread 0x0000000016594800 Exception <a 'java/security/PrivilegedActionException'> (0x00000000eb1a9f88) thrown at [D:\re\workspace\8-2-build-windows-amd64-cygwin\jdk8u5\2488\hotspot\src\share\vm\prims\jvm.cpp, line 1248]
Event: 3.746 Thread 0x00000000021dd800 Exception <a 'java/security/PrivilegedActionException'> (0x00000000eb1e0df8) thrown at [D:\re\workspace\8-2-build-windows-amd64-cygwin\jdk8u5\2488\hotspot\src\share\vm\prims\jvm.cpp, line 1248]
Event: 3.747 Thread 0x00000000021dd800 Exception <a 'java/security/PrivilegedActionException'> (0x00000000eb1e3448) thrown at [D:\re\workspace\8-2-build-windows-amd64-cygwin\jdk8u5\2488\hotspot\src\share\vm\prims\jvm.cpp, line 1248]
Event: 3.770 Thread 0x0000000016597000 Exception <a 'java/security/PrivilegedActionException'> (0x00000000eb1227b0) thrown at [D:\re\workspace\8-2-build-windows-amd64-cygwin\jdk8u5\2488\hotspot\src\share\vm\prims\jvm.cpp, line 1248]
Event: 3.771 Thread 0x0000000016597000 Exception <a 'java/security/PrivilegedActionException'> (0x00000000eb259f10) thrown at [D:\re\workspace\8-2-build-windows-amd64-cygwin\jdk8u5\2488\hotspot\src\share\vm\prims\jvm.cpp, line 1248]
Event: 3.771 Thread 0x0000000016597000 Exception <a 'java/security/PrivilegedActionException'> (0x00000000eb25f530) thrown at [D:\re\workspace\8-2-build-windows-amd64-cygwin\jdk8u5\2488\hotspot\src\share\vm\prims\jvm.cpp, line 1248]
Event: 3.783 Thread 0x0000000016593800 Exception <a 'java/security/PrivilegedActionException'> (0x00000000eb0b1ca8) thrown at [D:\re\workspace\8-2-build-windows-amd64-cygwin\jdk8u5\2488\hotspot\src\share\vm\prims\jvm.cpp, line 1248]
Event: 3.789 Thread 0x0000000016594800 Exception <a 'java/security/PrivilegedActionException'> (0x00000000eb24e3d8) thrown at [D:\re\workspace\8-2-build-windows-amd64-cygwin\jdk8u5\2488\hotspot\src\share\vm\prims\jvm.cpp, line 1248]
Event: 4.054 Thread 0x00000000021dd800 Exception <a 'java/security/PrivilegedActionException'> (0x00000000ead659d8) thrown at [D:\re\workspace\8-2-build-windows-amd64-cygwin\jdk8u5\2488\hotspot\src\share\vm\prims\jvm.cpp, line 1248]

Events (10 events):
Event: 4.021 loading class java/util/ArrayList$1
Event: 4.021 loading class java/util/ArrayList$1 done
Event: 4.029 loading class java/util/DualPivotQuicksort
Event: 4.030 loading class java/util/DualPivotQuicksort done
Event: 4.054 loading class com/android/dx/dex/file/FieldAnnotationStruct
Event: 4.054 loading class com/android/dx/dex/file/FieldAnnotationStruct done
Event: 4.113 Executing VM operation: EnableBiasedLocking
Event: 4.132 Executing VM operation: EnableBiasedLocking done
Event: 4.406 Executing VM operation: ParallelGCFailedAllocation
Event: 4.458 Executing VM operation: ParallelGCFailedAllocation done


Dynamic libraries:
0x00007ff79eea0000 - 0x00007ff79eed4000 	C:\Program Files\Java\jdk1.8.0_05\bin\java.exe
0x00007ff824330000 - 0x00007ff8244f1000 	C:\Windows\SYSTEM32\ntdll.dll
0x00007ff821890000 - 0x00007ff82193d000 	C:\Windows\system32\KERNEL32.DLL
0x00007ff821360000 - 0x00007ff821548000 	C:\Windows\system32\KERNELBASE.dll
0x00007ff823290000 - 0x00007ff823337000 	C:\Windows\system32\ADVAPI32.dll
0x00007ff821ad0000 - 0x00007ff821b6d000 	C:\Windows\system32\msvcrt.dll
0x00007ff821cd0000 - 0x00007ff821d2b000 	C:\Windows\system32\sechost.dll
0x00007ff821b70000 - 0x00007ff821c8c000 	C:\Windows\system32\RPCRT4.dll
0x00007ff823830000 - 0x00007ff823986000 	C:\Windows\system32\USER32.dll
0x00007ff821940000 - 0x00007ff821ac7000 	C:\Windows\system32\GDI32.dll
0x00007ff808cd0000 - 0x00007ff808f44000 	C:\Windows\WinSxS\amd64_microsoft.windows.common-controls_6595b64144ccf1df_6.0.10586.839_none_a2ddba30a539a2ae\COMCTL32.dll
0x00007ff8233b0000 - 0x00007ff82362e000 	C:\Windows\system32\combase.dll
0x00007ff821550000 - 0x00007ff8215ba000 	C:\Windows\system32\bcryptPrimitives.dll
0x00007ff821c90000 - 0x00007ff821ccb000 	C:\Windows\system32\IMM32.DLL
0x0000000057950000 - 0x0000000057a22000 	C:\Program Files\Java\jdk1.8.0_05\jre\bin\msvcr100.dll
0x0000000056d60000 - 0x000000005758a000 	C:\Program Files\Java\jdk1.8.0_05\jre\bin\server\jvm.dll
0x00007ff823770000 - 0x00007ff823778000 	C:\Windows\system32\PSAPI.DLL
0x00007ff81ebf0000 - 0x00007ff81ec13000 	C:\Windows\SYSTEM32\WINMM.dll
0x00007ff81eb30000 - 0x00007ff81eb39000 	C:\Windows\SYSTEM32\WSOCK32.dll
0x00007ff824240000 - 0x00007ff8242ab000 	C:\Windows\system32\WS2_32.dll
0x00007ff81eb90000 - 0x00007ff81ebbc000 	C:\Windows\SYSTEM32\WINMMBASE.dll
0x00007ff8210e0000 - 0x00007ff821123000 	C:\Windows\system32\cfgmgr32.dll
0x0000000057940000 - 0x000000005794f000 	C:\Program Files\Java\jdk1.8.0_05\jre\bin\verify.dll
0x0000000057910000 - 0x0000000057938000 	C:\Program Files\Java\jdk1.8.0_05\jre\bin\java.dll
0x00000000578f0000 - 0x0000000057906000 	C:\Program Files\Java\jdk1.8.0_05\jre\bin\zip.dll
0x00007ff821d30000 - 0x00007ff82328c000 	C:\Windows\system32\SHELL32.dll
0x00007ff820a00000 - 0x00007ff821044000 	C:\Windows\system32\windows.storage.dll
0x00007ff823630000 - 0x00007ff823682000 	C:\Windows\system32\shlwapi.dll
0x00007ff8209f0000 - 0x00007ff8209ff000 	C:\Windows\system32\kernel.appcore.dll
0x00007ff821670000 - 0x00007ff821725000 	C:\Windows\system32\shcore.dll
0x00007ff820980000 - 0x00007ff8209cb000 	C:\Windows\system32\powrprof.dll
0x00007ff8209d0000 - 0x00007ff8209e4000 	C:\Windows\system32\profapi.dll
0x00007ff801410000 - 0x00007ff80159c000 	C:\Windows\SYSTEM32\dbghelp.dll

VM Arguments:
jvm_args: -Djava.awt.headless=true -Xmx1024M -Dfile.encoding=windows-1251 -Duser.country=RU -Duser.language=ru -Duser.variant 
java_command: com.android.dx.command.Main --dex --num-threads=4 --output D:\AndroidDevelopment\provectus\app\build\intermediates\pre-dexed\debug\classes_e94f28ddabc13fb8f98ac14fb94c11e936237512.jar C:\Users\Администратор\.android\build-cache\c68470893c487282cc722c4f669eaf37c108a8b6\output\jars\classes.jar
java_class_path (initial): D:\AndroidDevelopment\Android\sdk\build-tools\25.0.3\lib\dx.jar
Launcher Type: SUN_STANDARD

Environment Variables:
JAVA_HOME=C:\Progra~1\Java\jdk1.8.0_05\
PATH=C:\Program Files (x86)\Common Files\Intel\Shared Files\cpp\bin\Intel64;C:\ProgramData\Oracle\Java\javapath;C:\Windows\system32;C:\Windows;C:\Windows\System32\Wbem;C:\Windows\System32\WindowsPowerShell\v1.0\;C:\Program Files\Common Files\Autodesk Shared\;C:\Program Files (x86)\Windows Kits\10\Windows Performance Toolkit\;C:\Program Files (x86)\ATI Technologies\ATI.ACE\Core-Static;C:\Program Files (x86)\Skype\Phone\;C:\Program Files\Microsoft SQL Server\Client SDK\ODBC\110\Tools\Binn\;C:\Program Files (x86)\Microsoft SQL Server\120\Tools\Binn\;C:\Program Files\Microsoft SQL Server\120\Tools\Binn\;C:\Program Files\Microsoft SQL Server\120\DTS\Binn\;C:\Program Files (x86)\Windows Kits\8.1\Windows Performance Toolkit\;D:\AndroidDevelopment\Android\sdk\platform-tools;C:\Program Files (x86)\Windows Kits\10\Windows Performance Toolkit\;C:\Progra~1\Maven\\bin
USERNAME=Администратор
OS=Windows_NT
PROCESSOR_IDENTIFIER=Intel64 Family 6 Model 58 Stepping 9, GenuineIntel



---------------  S Y S T E M  ---------------

OS: Windows 8.1 , 64 bit Build 9600 

CPU:total 4 (2 cores per cpu, 2 threads per core) family 6 model 58 stepping 9, cmov, cx8, fxsr, mmx, sse, sse2, sse3, ssse3, sse4.1, sse4.2, popcnt, avx, aes, clmul, erms, ht, tsc, tscinvbit

Memory: 4k page, physical 8282396k(1248436k free), swap 8282396k(1680k free)

vm_info: Java HotSpot(TM) 64-Bit Server VM (25.5-b02) for windows-amd64 JRE (1.8.0_05-b13), built on Mar 18 2014 01:08:39 by "java_re" with MS VC++ 10.0 (VS2010)

time: Sun Jul 02 12:15:53 2017
elapsed time: 4 seconds

