#
# There is insufficient memory for the Java Runtime Environment to continue.
# Native memory allocation (malloc) failed to allocate 83216 bytes for Chunk::new
# Possible reasons:
#   The system is out of physical RAM or swap space
#   In 32 bit mode, the process size limit was hit
# Possible solutions:
#   Reduce memory load on the system
#   Increase physical memory or swap space
#   Check if swap backing store is full
#   Use 64 bit Java on a 64 bit OS
#   Decrease Java heap size (-Xmx/-Xms)
#   Decrease number of Java threads
#   Decrease Java thread stack sizes (-Xss)
#   Set larger code cache with -XX:ReservedCodeCacheSize=
# This output file may be truncated or incomplete.
#
#  Out of Memory Error (allocation.cpp:388), pid=5592, tid=9796
#
# JRE version: Java(TM) SE Runtime Environment (8.0_05-b13) (build 1.8.0_05-b13)
# Java VM: Java HotSpot(TM) 64-Bit Server VM (25.5-b02 mixed mode windows-amd64 compressed oops)
# Failed to write core dump. Minidumps are not enabled by default on client versions of Windows
#

---------------  T H R E A D  ---------------

Current thread (0x0000000014bbf800):  JavaThread "C2 CompilerThread1" daemon [_thread_in_native, id=9796, stack(0x0000000016240000,0x0000000016340000)]

Stack: [0x0000000016240000,0x0000000016340000]
Native frames: (J=compiled Java code, j=interpreted, Vv=VM code, C=native code)
V  [jvm.dll+0x308dea]
V  [jvm.dll+0x25def1]
V  [jvm.dll+0x25eb0f]
V  [jvm.dll+0x2564e5]
V  [jvm.dll+0xbcfc5]
V  [jvm.dll+0xbd45c]
V  [jvm.dll+0x44d422]
V  [jvm.dll+0x48e13f]
V  [jvm.dll+0x4422eb]
V  [jvm.dll+0x44366b]
V  [jvm.dll+0x427532]
V  [jvm.dll+0x96702]
V  [jvm.dll+0x96ef3]
V  [jvm.dll+0x2232c4]
V  [jvm.dll+0x27baca]
C  [msvcr100.dll+0x21d9f]
C  [msvcr100.dll+0x21e3b]
C  [KERNEL32.DLL+0x18102]
C  [ntdll.dll+0x5c5b4]


Current CompileTask:
C2:   4524 1107       4       com.android.dx.ssa.SsaRenamer$BlockRenamer::addMapping (143 bytes)


---------------  P R O C E S S  ---------------

Java Threads: ( => current thread )
  0x000000001669b000 JavaThread "pool-1-thread-4" [_thread_blocked, id=448, stack(0x0000000016e40000,0x0000000016f40000)]
  0x00000000165e6000 JavaThread "pool-1-thread-3" [_thread_blocked, id=10544, stack(0x0000000016d40000,0x0000000016e40000)]
  0x00000000165e0800 JavaThread "pool-1-thread-2" [_thread_in_Java, id=10364, stack(0x0000000016c40000,0x0000000016d40000)]
  0x00000000165de800 JavaThread "pool-2-thread-1" [_thread_blocked, id=2152, stack(0x0000000016b40000,0x0000000016c40000)]
  0x00000000165da000 JavaThread "pool-1-thread-1" [_thread_in_Java, id=9548, stack(0x0000000016a40000,0x0000000016b40000)]
  0x000000001646d000 JavaThread "Service Thread" daemon [_thread_blocked, id=4708, stack(0x0000000016840000,0x0000000016940000)]
  0x0000000014bc2800 JavaThread "C1 CompilerThread2" daemon [_thread_blocked, id=1928, stack(0x0000000016340000,0x0000000016440000)]
=>0x0000000014bbf800 JavaThread "C2 CompilerThread1" daemon [_thread_in_native, id=9796, stack(0x0000000016240000,0x0000000016340000)]
  0x0000000014bbc800 JavaThread "C2 CompilerThread0" daemon [_thread_blocked, id=8464, stack(0x0000000016140000,0x0000000016240000)]
  0x0000000014bbb000 JavaThread "Attach Listener" daemon [_thread_blocked, id=8548, stack(0x0000000016040000,0x0000000016140000)]
  0x0000000014bb9800 JavaThread "Signal Dispatcher" daemon [_thread_blocked, id=4912, stack(0x0000000015f40000,0x0000000016040000)]
  0x00000000024e4800 JavaThread "Finalizer" daemon [_thread_blocked, id=11384, stack(0x0000000015e40000,0x0000000015f40000)]
  0x0000000014b87800 JavaThread "Reference Handler" daemon [_thread_blocked, id=3584, stack(0x0000000015d40000,0x0000000015e40000)]
  0x000000000223d800 JavaThread "main" [_thread_in_Java, id=3460, stack(0x00000000022f0000,0x00000000023f0000)]

Other Threads:
  0x0000000014b85800 VMThread [stack: 0x0000000015c40000,0x0000000015d40000] [id=5844]
  0x000000001646f800 WatcherThread [stack: 0x0000000016940000,0x0000000016a40000] [id=11996]

VM state:not at safepoint (normal execution)

VM Mutex/Monitor currently owned by a thread: None

Heap:
 PSYoungGen      total 10240K, used 6237K [0x00000000eab00000, 0x00000000eb800000, 0x0000000100000000)
  eden space 7680K, 48% used [0x00000000eab00000,0x00000000eae9b558,0x00000000eb280000)
  from space 2560K, 99% used [0x00000000eb280000,0x00000000eb4fc028,0x00000000eb500000)
  to   space 2048K, 0% used [0x00000000eb500000,0x00000000eb500000,0x00000000eb700000)
 ParOldGen       total 129536K, used 2172K [0x00000000c0000000, 0x00000000c7e80000, 0x00000000eab00000)
  object space 129536K, 1% used [0x00000000c0000000,0x00000000c021f0c8,0x00000000c7e80000)
 Metaspace       used 5650K, capacity 6704K, committed 6784K, reserved 1056768K
  class space    used 590K, capacity 616K, committed 640K, reserved 1048576K

Card table byte_map: [0x00000000118b0000,0x0000000011ac0000] byte_map_base: 0x00000000112b0000

Marking Bits: (ParMarkBitMap*) 0x00000000575113b0
 Begin Bits: [0x0000000012020000, 0x0000000013020000)
 End Bits:   [0x0000000013020000, 0x0000000014020000)

Polling page: 0x00000000005f0000

CodeCache: size=245760Kb used=4047Kb max_used=4060Kb free=241712Kb
 bounds [0x00000000024f0000, 0x00000000028f0000, 0x00000000114f0000]
 total_blobs=1347 nmethods=1083 adapters=178
 compilation: enabled

Compilation events (10 events):
Event: 4.351 Thread 0x0000000014bc2800 nmethod 1099 0x00000000028e1d50 code [0x00000000028e1fa0, 0x00000000028e31a8]
Event: 4.351 Thread 0x0000000014bc2800 1102       3       com.android.dx.cf.code.OneLocalsArray::getMaxLocals (6 bytes)
Event: 4.352 Thread 0x0000000014bc2800 nmethod 1102 0x00000000028e4e10 code [0x00000000028e4f60, 0x00000000028e50b0]
Event: 4.352 Thread 0x0000000014bc2800 1105       3       com.android.dx.rop.code.RegisterSpecSet::equals (106 bytes)
Event: 4.352 Thread 0x0000000014bc2800 nmethod 1105 0x00000000028e73d0 code [0x00000000028e75a0, 0x00000000028e7dc8]
Event: 4.352 Thread 0x0000000014bc2800 1106       3       com.android.dx.ssa.SsaMethod::forEachBlockDepthFirst (194 bytes)
Event: 4.352 Thread 0x0000000014bbf800 nmethod 1080 0x00000000028e80d0 code [0x00000000028e8280, 0x00000000028e8db8]
Event: 4.352 Thread 0x0000000014bbf800 1072       4       com.android.dx.cf.code.LineNumberList::pcToLine (73 bytes)
Event: 4.509 Thread 0x0000000014bbf800 nmethod 1072 0x00000000028e5510 code [0x00000000028e5660, 0x00000000028e58b8]
Event: 4.509 Thread 0x0000000014bbf800 1107       4       com.android.dx.ssa.SsaRenamer$BlockRenamer::addMapping (143 bytes)

GC Heap History (10 events):
Event: 2.564 GC heap before
{Heap before GC invocations=5 (full 0):
 PSYoungGen      total 2560K, used 2544K [0x00000000eab00000, 0x00000000eae00000, 0x0000000100000000)
  eden space 2048K, 100% used [0x00000000eab00000,0x00000000ead00000,0x00000000ead00000)
  from space 512K, 96% used [0x00000000ead80000,0x00000000eadfc030,0x00000000eae00000)
  to   space 512K, 0% used [0x00000000ead00000,0x00000000ead00000,0x00000000ead80000)
 ParOldGen       total 129536K, used 552K [0x00000000c0000000, 0x00000000c7e80000, 0x00000000eab00000)
  object space 129536K, 0% used [0x00000000c0000000,0x00000000c008a178,0x00000000c7e80000)
 Metaspace       used 4107K, capacity 5360K, committed 5632K, reserved 1056768K
  class space    used 461K, capacity 488K, committed 512K, reserved 1048576K
Event: 2.566 GC heap after
Heap after GC invocations=5 (full 0):
 PSYoungGen      total 2560K, used 496K [0x00000000eab00000, 0x00000000eb200000, 0x0000000100000000)
  eden space 2048K, 0% used [0x00000000eab00000,0x00000000eab00000,0x00000000ead00000)
  from space 512K, 96% used [0x00000000ead00000,0x00000000ead7c010,0x00000000ead80000)
  to   space 1536K, 0% used [0x00000000eb080000,0x00000000eb080000,0x00000000eb200000)
 ParOldGen       total 129536K, used 1282K [0x00000000c0000000, 0x00000000c7e80000, 0x00000000eab00000)
  object space 129536K, 0% used [0x00000000c0000000,0x00000000c01408a8,0x00000000c7e80000)
 Metaspace       used 4107K, capacity 5360K, committed 5632K, reserved 1056768K
  class space    used 461K, capacity 488K, committed 512K, reserved 1048576K
}
Event: 3.079 GC heap before
{Heap before GC invocations=6 (full 0):
 PSYoungGen      total 2560K, used 2544K [0x00000000eab00000, 0x00000000eb200000, 0x0000000100000000)
  eden space 2048K, 100% used [0x00000000eab00000,0x00000000ead00000,0x00000000ead00000)
  from space 512K, 96% used [0x00000000ead00000,0x00000000ead7c010,0x00000000ead80000)
  to   space 1536K, 0% used [0x00000000eb080000,0x00000000eb080000,0x00000000eb200000)
 ParOldGen       total 129536K, used 1282K [0x00000000c0000000, 0x00000000c7e80000, 0x00000000eab00000)
  object space 129536K, 0% used [0x00000000c0000000,0x00000000c01408a8,0x00000000c7e80000)
 Metaspace       used 4716K, capacity 5872K, committed 6016K, reserved 1056768K
  class space    used 522K, capacity 552K, committed 640K, reserved 1048576K
Event: 3.088 GC heap after
Heap after GC invocations=6 (full 0):
 PSYoungGen      total 5632K, used 1150K [0x00000000eab00000, 0x00000000eb200000, 0x0000000100000000)
  eden space 4096K, 0% used [0x00000000eab00000,0x00000000eab00000,0x00000000eaf00000)
  from space 1536K, 74% used [0x00000000eb080000,0x00000000eb19fa68,0x00000000eb200000)
  to   space 1536K, 0% used [0x00000000eaf00000,0x00000000eaf00000,0x00000000eb080000)
 ParOldGen       total 129536K, used 1282K [0x00000000c0000000, 0x00000000c7e80000, 0x00000000eab00000)
  object space 129536K, 0% used [0x00000000c0000000,0x00000000c01408a8,0x00000000c7e80000)
 Metaspace       used 4716K, capacity 5872K, committed 6016K, reserved 1056768K
  class space    used 522K, capacity 552K, committed 640K, reserved 1048576K
}
Event: 3.789 GC heap before
{Heap before GC invocations=7 (full 0):
 PSYoungGen      total 5632K, used 5246K [0x00000000eab00000, 0x00000000eb200000, 0x0000000100000000)
  eden space 4096K, 100% used [0x00000000eab00000,0x00000000eaf00000,0x00000000eaf00000)
  from space 1536K, 74% used [0x00000000eb080000,0x00000000eb19fa68,0x00000000eb200000)
  to   space 1536K, 0% used [0x00000000eaf00000,0x00000000eaf00000,0x00000000eb080000)
 ParOldGen       total 129536K, used 1282K [0x00000000c0000000, 0x00000000c7e80000, 0x00000000eab00000)
  object space 129536K, 0% used [0x00000000c0000000,0x00000000c01408a8,0x00000000c7e80000)
 Metaspace       used 5391K, capacity 6512K, committed 6784K, reserved 1056768K
  class space    used 584K, capacity 616K, committed 640K, reserved 1048576K
Event: 3.810 GC heap after
Heap after GC invocations=7 (full 0):
 PSYoungGen      total 5632K, used 1520K [0x00000000eab00000, 0x00000000eb700000, 0x0000000100000000)
  eden space 4096K, 0% used [0x00000000eab00000,0x00000000eab00000,0x00000000eaf00000)
  from space 1536K, 99% used [0x00000000eaf00000,0x00000000eb07c330,0x00000000eb080000)
  to   space 2048K, 0% used [0x00000000eb500000,0x00000000eb500000,0x00000000eb700000)
 ParOldGen       total 129536K, used 1630K [0x00000000c0000000, 0x00000000c7e80000, 0x00000000eab00000)
  object space 129536K, 1% used [0x00000000c0000000,0x00000000c0197818,0x00000000c7e80000)
 Metaspace       used 5391K, capacity 6512K, committed 6784K, reserved 1056768K
  class space    used 584K, capacity 616K, committed 640K, reserved 1048576K
}
Event: 4.127 GC heap before
{Heap before GC invocations=8 (full 0):
 PSYoungGen      total 5632K, used 5616K [0x00000000eab00000, 0x00000000eb700000, 0x0000000100000000)
  eden space 4096K, 100% used [0x00000000eab00000,0x00000000eaf00000,0x00000000eaf00000)
  from space 1536K, 99% used [0x00000000eaf00000,0x00000000eb07c330,0x00000000eb080000)
  to   space 2048K, 0% used [0x00000000eb500000,0x00000000eb500000,0x00000000eb700000)
 ParOldGen       total 129536K, used 1630K [0x00000000c0000000, 0x00000000c7e80000, 0x00000000eab00000)
  object space 129536K, 1% used [0x00000000c0000000,0x00000000c0197818,0x00000000c7e80000)
 Metaspace       used 5576K, capacity 6640K, committed 6784K, reserved 1056768K
  class space    used 587K, capacity 616K, committed 640K, reserved 1048576K
Event: 4.189 GC heap after
Heap after GC invocations=8 (full 0):
 PSYoungGen      total 9728K, used 1888K [0x00000000eab00000, 0x00000000eb800000, 0x0000000100000000)
  eden space 7680K, 0% used [0x00000000eab00000,0x00000000eab00000,0x00000000eb280000)
  from space 2048K, 92% used [0x00000000eb500000,0x00000000eb6d8018,0x00000000eb700000)
  to   space 2560K, 0% used [0x00000000eb280000,0x00000000eb280000,0x00000000eb500000)
 ParOldGen       total 129536K, used 1689K [0x00000000c0000000, 0x00000000c7e80000, 0x00000000eab00000)
  object space 129536K, 1% used [0x00000000c0000000,0x00000000c01a6648,0x00000000c7e80000)
 Metaspace       used 5576K, capacity 6640K, committed 6784K, reserved 1056768K
  class space    used 587K, capacity 616K, committed 640K, reserved 1048576K
}
Event: 4.426 GC heap before
{Heap before GC invocations=9 (full 0):
 PSYoungGen      total 9728K, used 9568K [0x00000000eab00000, 0x00000000eb800000, 0x0000000100000000)
  eden space 7680K, 100% used [0x00000000eab00000,0x00000000eb280000,0x00000000eb280000)
  from space 2048K, 92% used [0x00000000eb500000,0x00000000eb6d8018,0x00000000eb700000)
  to   space 2560K, 0% used [0x00000000eb280000,0x00000000eb280000,0x00000000eb500000)
 ParOldGen       total 129536K, used 1689K [0x00000000c0000000, 0x00000000c7e80000, 0x00000000eab00000)
  object space 129536K, 1% used [0x00000000c0000000,0x00000000c01a6648,0x00000000c7e80000)
 Metaspace       used 5647K, capacity 6704K, committed 6784K, reserved 1056768K
  class space    used 590K, capacity 616K, committed 640K, reserved 1048576K
Event: 4.505 GC heap after
Heap after GC invocations=9 (full 0):
 PSYoungGen      total 10240K, used 2544K [0x00000000eab00000, 0x00000000eb800000, 0x0000000100000000)
  eden space 7680K, 0% used [0x00000000eab00000,0x00000000eab00000,0x00000000eb280000)
  from space 2560K, 99% used [0x00000000eb280000,0x00000000eb4fc028,0x00000000eb500000)
  to   space 2048K, 0% used [0x00000000eb500000,0x00000000eb500000,0x00000000eb700000)
 ParOldGen       total 129536K, used 2172K [0x00000000c0000000, 0x00000000c7e80000, 0x00000000eab00000)
  object space 129536K, 1% used [0x00000000c0000000,0x00000000c021f0c8,0x00000000c7e80000)
 Metaspace       used 5647K, capacity 6704K, committed 6784K, reserved 1056768K
  class space    used 590K, capacity 616K, committed 640K, reserved 1048576K
}

Deoptimization events (2 events):
Event: 4.220 Thread 0x000000001669b000 Uncommon trap: reason=null_check action=make_not_entrant pc=0x00000000027be8f8 method=com.android.dx.ssa.SsaRenamer.getLocalForNewReg(I)Lcom/android/dx/rop/code/LocalItem; @ 19
Event: 4.221 Thread 0x000000001669b000 Uncommon trap: reason=null_check action=make_not_entrant pc=0x0000000002805988 method=com.android.dx.ssa.SsaRenamer.getLocalForNewReg(I)Lcom/android/dx/rop/code/LocalItem; @ 19

Internal exceptions (10 events):
Event: 3.703 Thread 0x00000000165e0800 Exception <a 'java/security/PrivilegedActionException'> (0x00000000ead3c3f8) thrown at [D:\re\workspace\8-2-build-windows-amd64-cygwin\jdk8u5\2488\hotspot\src\share\vm\prims\jvm.cpp, line 1248]
Event: 3.724 Thread 0x000000000223d800 Exception <a 'java/security/PrivilegedActionException'> (0x00000000ead67b20) thrown at [D:\re\workspace\8-2-build-windows-amd64-cygwin\jdk8u5\2488\hotspot\src\share\vm\prims\jvm.cpp, line 1248]
Event: 3.726 Thread 0x000000000223d800 Exception <a 'java/security/PrivilegedActionException'> (0x00000000ead6f2e0) thrown at [D:\re\workspace\8-2-build-windows-amd64-cygwin\jdk8u5\2488\hotspot\src\share\vm\prims\jvm.cpp, line 1248]
Event: 3.726 Thread 0x000000000223d800 Exception <a 'java/security/PrivilegedActionException'> (0x00000000ead74168) thrown at [D:\re\workspace\8-2-build-windows-amd64-cygwin\jdk8u5\2488\hotspot\src\share\vm\prims\jvm.cpp, line 1248]
Event: 3.754 Thread 0x000000001669b000 Exception <a 'java/security/PrivilegedActionException'> (0x00000000eae5ce70) thrown at [D:\re\workspace\8-2-build-windows-amd64-cygwin\jdk8u5\2488\hotspot\src\share\vm\prims\jvm.cpp, line 1248]
Event: 3.873 Thread 0x00000000165da000 Exception <a 'java/security/PrivilegedActionException'> (0x00000000eacbb670) thrown at [D:\re\workspace\8-2-build-windows-amd64-cygwin\jdk8u5\2488\hotspot\src\share\vm\prims\jvm.cpp, line 1248]
Event: 4.207 Thread 0x000000000223d800 Exception <a 'java/security/PrivilegedActionException'> (0x00000000eab3e2b8) thrown at [D:\re\workspace\8-2-build-windows-amd64-cygwin\jdk8u5\2488\hotspot\src\share\vm\prims\jvm.cpp, line 1248]
Event: 4.207 Thread 0x000000000223d800 Exception <a 'java/security/PrivilegedActionException'> (0x00000000eab40a08) thrown at [D:\re\workspace\8-2-build-windows-amd64-cygwin\jdk8u5\2488\hotspot\src\share\vm\prims\jvm.cpp, line 1248]
Event: 4.220 Thread 0x000000001669b000 Implicit null exception at 0x00000000027bc817 to 0x00000000027be8d1
Event: 4.221 Thread 0x000000001669b000 Implicit null exception at 0x00000000028039c1 to 0x0000000002805965

Events (10 events):
Event: 4.220 Thread 0x000000001669b000 DEOPT UNPACKING pc=0x00000000025355af sp=0x0000000016f3e4a8 mode 2
Event: 4.221 Thread 0x000000001669b000 Uncommon trap: trap_request=0xfffffff4 fr.pc=0x0000000002805988
Event: 4.221 Thread 0x000000001669b000 DEOPT PACKING pc=0x0000000002805988 sp=0x0000000016f3e5f0
Event: 4.221 Thread 0x000000001669b000 DEOPT UNPACKING pc=0x00000000025355af sp=0x0000000016f3e498 mode 2
Event: 4.274 loading class java/util/TreeMap$EntrySet
Event: 4.274 loading class java/util/TreeMap$EntrySet done
Event: 4.274 loading class java/util/TreeMap$EntryIterator
Event: 4.274 loading class java/util/TreeMap$EntryIterator done
Event: 4.352 Executing VM operation: ParallelGCFailedAllocation
Event: 4.505 Executing VM operation: ParallelGCFailedAllocation done


Dynamic libraries:
0x00007ff79eea0000 - 0x00007ff79eed4000 	C:\Program Files\Java\jdk1.8.0_05\bin\java.exe
0x00007ff824330000 - 0x00007ff8244f1000 	C:\Windows\SYSTEM32\ntdll.dll
0x00007ff821890000 - 0x00007ff82193d000 	C:\Windows\system32\KERNEL32.DLL
0x00007ff821360000 - 0x00007ff821548000 	C:\Windows\system32\KERNELBASE.dll
0x00007ff823290000 - 0x00007ff823337000 	C:\Windows\system32\ADVAPI32.dll
0x00007ff821ad0000 - 0x00007ff821b6d000 	C:\Windows\system32\msvcrt.dll
0x00007ff821cd0000 - 0x00007ff821d2b000 	C:\Windows\system32\sechost.dll
0x00007ff821b70000 - 0x00007ff821c8c000 	C:\Windows\system32\RPCRT4.dll
0x00007ff823830000 - 0x00007ff823986000 	C:\Windows\system32\USER32.dll
0x00007ff821940000 - 0x00007ff821ac7000 	C:\Windows\system32\GDI32.dll
0x00007ff808cd0000 - 0x00007ff808f44000 	C:\Windows\WinSxS\amd64_microsoft.windows.common-controls_6595b64144ccf1df_6.0.10586.839_none_a2ddba30a539a2ae\COMCTL32.dll
0x00007ff8233b0000 - 0x00007ff82362e000 	C:\Windows\system32\combase.dll
0x00007ff821550000 - 0x00007ff8215ba000 	C:\Windows\system32\bcryptPrimitives.dll
0x00007ff821c90000 - 0x00007ff821ccb000 	C:\Windows\system32\IMM32.DLL
0x0000000057950000 - 0x0000000057a22000 	C:\Program Files\Java\jdk1.8.0_05\jre\bin\msvcr100.dll
0x0000000056d60000 - 0x000000005758a000 	C:\Program Files\Java\jdk1.8.0_05\jre\bin\server\jvm.dll
0x00007ff823770000 - 0x00007ff823778000 	C:\Windows\system32\PSAPI.DLL
0x00007ff81eb30000 - 0x00007ff81eb39000 	C:\Windows\SYSTEM32\WSOCK32.dll
0x00007ff81ebf0000 - 0x00007ff81ec13000 	C:\Windows\SYSTEM32\WINMM.dll
0x00007ff824240000 - 0x00007ff8242ab000 	C:\Windows\system32\WS2_32.dll
0x00007ff81eb90000 - 0x00007ff81ebbc000 	C:\Windows\SYSTEM32\WINMMBASE.dll
0x00007ff8210e0000 - 0x00007ff821123000 	C:\Windows\system32\cfgmgr32.dll
0x0000000057940000 - 0x000000005794f000 	C:\Program Files\Java\jdk1.8.0_05\jre\bin\verify.dll
0x0000000057910000 - 0x0000000057938000 	C:\Program Files\Java\jdk1.8.0_05\jre\bin\java.dll
0x00000000578f0000 - 0x0000000057906000 	C:\Program Files\Java\jdk1.8.0_05\jre\bin\zip.dll
0x00007ff821d30000 - 0x00007ff82328c000 	C:\Windows\system32\SHELL32.dll
0x00007ff820a00000 - 0x00007ff821044000 	C:\Windows\system32\windows.storage.dll
0x00007ff823630000 - 0x00007ff823682000 	C:\Windows\system32\shlwapi.dll
0x00007ff8209f0000 - 0x00007ff8209ff000 	C:\Windows\system32\kernel.appcore.dll
0x00007ff821670000 - 0x00007ff821725000 	C:\Windows\system32\shcore.dll
0x00007ff820980000 - 0x00007ff8209cb000 	C:\Windows\system32\powrprof.dll
0x00007ff8209d0000 - 0x00007ff8209e4000 	C:\Windows\system32\profapi.dll
0x00007ff801410000 - 0x00007ff80159c000 	C:\Windows\SYSTEM32\dbghelp.dll

VM Arguments:
jvm_args: -Djava.awt.headless=true -Xmx1024M -Dfile.encoding=windows-1251 -Duser.country=RU -Duser.language=ru -Duser.variant 
java_command: com.android.dx.command.Main --dex --num-threads=4 --output D:\AndroidDevelopment\provectus\app\build\intermediates\pre-dexed\debug\picasso-2.5.2_7fe1b0cda92a665f95d1375bc6a4eb814f895a26.jar C:\Users\Администратор\.gradle\caches\modules-2\files-2.1\com.squareup.picasso\picasso\2.5.2\7446d06ec8d4f7ffcc53f1da37c95f200dcb9387\picasso-2.5.2.jar
java_class_path (initial): D:\AndroidDevelopment\Android\sdk\build-tools\25.0.3\lib\dx.jar
Launcher Type: SUN_STANDARD

Environment Variables:
JAVA_HOME=C:\Progra~1\Java\jdk1.8.0_05\
PATH=C:\Program Files (x86)\Common Files\Intel\Shared Files\cpp\bin\Intel64;C:\ProgramData\Oracle\Java\javapath;C:\Windows\system32;C:\Windows;C:\Windows\System32\Wbem;C:\Windows\System32\WindowsPowerShell\v1.0\;C:\Program Files\Common Files\Autodesk Shared\;C:\Program Files (x86)\Windows Kits\10\Windows Performance Toolkit\;C:\Program Files (x86)\ATI Technologies\ATI.ACE\Core-Static;C:\Program Files (x86)\Skype\Phone\;C:\Program Files\Microsoft SQL Server\Client SDK\ODBC\110\Tools\Binn\;C:\Program Files (x86)\Microsoft SQL Server\120\Tools\Binn\;C:\Program Files\Microsoft SQL Server\120\Tools\Binn\;C:\Program Files\Microsoft SQL Server\120\DTS\Binn\;C:\Program Files (x86)\Windows Kits\8.1\Windows Performance Toolkit\;D:\AndroidDevelopment\Android\sdk\platform-tools;C:\Program Files (x86)\Windows Kits\10\Windows Performance Toolkit\;C:\Progra~1\Maven\\bin
USERNAME=Администратор
OS=Windows_NT
PROCESSOR_IDENTIFIER=Intel64 Family 6 Model 58 Stepping 9, GenuineIntel



---------------  S Y S T E M  ---------------

OS: Windows 8.1 , 64 bit Build 9600 

CPU:total 4 (2 cores per cpu, 2 threads per core) family 6 model 58 stepping 9, cmov, cx8, fxsr, mmx, sse, sse2, sse3, ssse3, sse4.1, sse4.2, popcnt, avx, aes, clmul, erms, ht, tsc, tscinvbit

Memory: 4k page, physical 8282396k(1248480k free), swap 8282396k(984k free)

vm_info: Java HotSpot(TM) 64-Bit Server VM (25.5-b02) for windows-amd64 JRE (1.8.0_05-b13), built on Mar 18 2014 01:08:39 by "java_re" with MS VC++ 10.0 (VS2010)

time: Sun Jul 02 12:15:53 2017
elapsed time: 4 seconds

