#
# There is insufficient memory for the Java Runtime Environment to continue.
# Native memory allocation (malloc) failed to allocate 1455216 bytes for Chunk::new
# Possible reasons:
#   The system is out of physical RAM or swap space
#   In 32 bit mode, the process size limit was hit
# Possible solutions:
#   Reduce memory load on the system
#   Increase physical memory or swap space
#   Check if swap backing store is full
#   Use 64 bit Java on a 64 bit OS
#   Decrease Java heap size (-Xmx/-Xms)
#   Decrease number of Java threads
#   Decrease Java thread stack sizes (-Xss)
#   Set larger code cache with -XX:ReservedCodeCacheSize=
# This output file may be truncated or incomplete.
#
#  Out of Memory Error (allocation.cpp:388), pid=12080, tid=9160
#
# JRE version: Java(TM) SE Runtime Environment (8.0_05-b13) (build 1.8.0_05-b13)
# Java VM: Java HotSpot(TM) 64-Bit Server VM (25.5-b02 mixed mode windows-amd64 compressed oops)
# Failed to write core dump. Minidumps are not enabled by default on client versions of Windows
#

---------------  T H R E A D  ---------------

Current thread (0x00000000155bc000):  JavaThread "C2 CompilerThread0" daemon [_thread_in_native, id=9160, stack(0x0000000016b10000,0x0000000016c10000)]

Stack: [0x0000000016b10000,0x0000000016c10000]
Native frames: (J=compiled Java code, j=interpreted, Vv=VM code, C=native code)
V  [jvm.dll+0x308dea]
V  [jvm.dll+0x25def1]
V  [jvm.dll+0x25eb0f]
V  [jvm.dll+0x2564e5]
V  [jvm.dll+0xbcfc5]
V  [jvm.dll+0xbd45c]
V  [jvm.dll+0x44d422]
V  [jvm.dll+0x48e13f]
V  [jvm.dll+0x4422eb]
V  [jvm.dll+0x44366b]
V  [jvm.dll+0x427532]
V  [jvm.dll+0x96702]
V  [jvm.dll+0x96ef3]
V  [jvm.dll+0x2232c4]
V  [jvm.dll+0x27baca]
C  [msvcr100.dll+0x21d9f]
C  [msvcr100.dll+0x21e3b]
C  [KERNEL32.DLL+0x18102]
C  [ntdll.dll+0x5c5b4]


Current CompileTask:
C2:   7349 2219 %     4       com.android.dx.ssa.SCCP::run @ 93 (298 bytes)


---------------  P R O C E S S  ---------------

Java Threads: ( => current thread )
  0x0000000017591800 JavaThread "pool-2-thread-4" [_thread_blocked, id=5488, stack(0x0000000018fe0000,0x00000000190e0000)]
  0x00000000171f5800 JavaThread "pool-2-thread-3" [_thread_blocked, id=9240, stack(0x0000000018ee0000,0x0000000018fe0000)]
  0x00000000171f5000 JavaThread "pool-2-thread-2" [_thread_blocked, id=11356, stack(0x0000000018de0000,0x0000000018ee0000)]
  0x0000000017493000 JavaThread "pool-3-thread-1" [_thread_blocked, id=6652, stack(0x0000000018ce0000,0x0000000018de0000)]
  0x0000000017c10800 JavaThread "pool-2-thread-1" [_thread_blocked, id=9452, stack(0x0000000018be0000,0x0000000018ce0000)]
  0x0000000016e4a800 JavaThread "Service Thread" daemon [_thread_blocked, id=11684, stack(0x0000000017210000,0x0000000017310000)]
  0x00000000155c6000 JavaThread "C1 CompilerThread2" daemon [_thread_blocked, id=10252, stack(0x0000000016d10000,0x0000000016e10000)]
  0x00000000155c3000 JavaThread "C2 CompilerThread1" daemon [_thread_in_native, id=8344, stack(0x0000000016c10000,0x0000000016d10000)]
=>0x00000000155bc000 JavaThread "C2 CompilerThread0" daemon [_thread_in_native, id=9160, stack(0x0000000016b10000,0x0000000016c10000)]
  0x00000000155ba800 JavaThread "Attach Listener" daemon [_thread_blocked, id=7616, stack(0x0000000016a10000,0x0000000016b10000)]
  0x00000000155b9800 JavaThread "Signal Dispatcher" daemon [_thread_blocked, id=7652, stack(0x0000000016910000,0x0000000016a10000)]
  0x0000000002ee4800 JavaThread "Finalizer" daemon [_thread_blocked, id=9344, stack(0x0000000016810000,0x0000000016910000)]
  0x0000000002edb800 JavaThread "Reference Handler" daemon [_thread_blocked, id=1016, stack(0x0000000016710000,0x0000000016810000)]
  0x0000000002ced800 JavaThread "main" [_thread_in_Java, id=8956, stack(0x0000000002cf0000,0x0000000002df0000)]

Other Threads:
  0x0000000015585800 VMThread [stack: 0x0000000016610000,0x0000000016710000] [id=9680]
  0x0000000016e4c000 WatcherThread [stack: 0x0000000017310000,0x0000000017410000] [id=5624]

VM state:not at safepoint (normal execution)

VM Mutex/Monitor currently owned by a thread: None

Heap:
 PSYoungGen      total 111104K, used 70552K [0x00000000eab00000, 0x00000000f2780000, 0x0000000100000000)
  eden space 96256K, 57% used [0x00000000eab00000,0x00000000ee16d7b8,0x00000000f0900000)
  from space 14848K, 99% used [0x00000000f0900000,0x00000000f1778c18,0x00000000f1780000)
  to   space 13312K, 0% used [0x00000000f1780000,0x00000000f1780000,0x00000000f2480000)
 ParOldGen       total 129536K, used 57878K [0x00000000c0000000, 0x00000000c7e80000, 0x00000000eab00000)
  object space 129536K, 44% used [0x00000000c0000000,0x00000000c3885b60,0x00000000c7e80000)
 Metaspace       used 6253K, capacity 7128K, committed 7424K, reserved 1056768K
  class space    used 620K, capacity 656K, committed 768K, reserved 1048576K

Card table byte_map: [0x00000000122b0000,0x00000000124c0000] byte_map_base: 0x0000000011cb0000

Marking Bits: (ParMarkBitMap*) 0x00000000575113b0
 Begin Bits: [0x0000000012a20000, 0x0000000013a20000)
 End Bits:   [0x0000000013a20000, 0x0000000014a20000)

Polling page: 0x0000000002c40000

CodeCache: size=245760Kb used=9702Kb max_used=9714Kb free=236057Kb
 bounds [0x0000000002ef0000, 0x0000000003880000, 0x0000000011ef0000]
 total_blobs=2460 nmethods=2193 adapters=180
 compilation: enabled

Compilation events (10 events):
Event: 7.239 Thread 0x00000000155c3000 nmethod 2181 0x0000000003828c90 code [0x0000000003828de0, 0x0000000003828ed8]
Event: 7.239 Thread 0x00000000155c3000 2161       4       com.android.dx.cf.code.ExecutionStack::<init> (34 bytes)
Event: 7.241 Thread 0x00000000155c3000 nmethod 2161 0x0000000003826f50 code [0x00000000038270a0, 0x00000000038272b8]
Event: 7.241 Thread 0x00000000155c3000 2173       4       com.android.dx.cf.code.Frame::setImmutable (15 bytes)
Event: 7.242 Thread 0x00000000155c3000 nmethod 2173 0x0000000003826c50 code [0x0000000003826da0, 0x0000000003826e58]
Event: 7.242 Thread 0x00000000155c3000 2199       4       com.android.dx.cf.code.Merger::mergeType (142 bytes)
Event: 7.249 Thread 0x00000000155c3000 nmethod 2199 0x0000000003865090 code [0x0000000003865240, 0x00000000038656b0]
Event: 7.249 Thread 0x00000000155c3000 2202       4       com.android.dx.rop.code.RegisterSpec::<init> (48 bytes)
Event: 7.250 Thread 0x00000000155c3000 nmethod 2202 0x00000000038269d0 code [0x0000000003826b00, 0x0000000003826bb8]
Event: 7.250 Thread 0x00000000155c3000 2223       4       com.android.dx.dex.code.RopTranslator$LocalVariableAwareTranslationVisitor::visitThrowingCstInsn (11 bytes)

GC Heap History (10 events):
Event: 3.329 GC heap before
{Heap before GC invocations=17 (full 0):
 PSYoungGen      total 56320K, used 56189K [0x00000000eab00000, 0x00000000eea80000, 0x0000000100000000)
  eden space 50688K, 100% used [0x00000000eab00000,0x00000000edc80000,0x00000000edc80000)
  from space 5632K, 97% used [0x00000000ee300000,0x00000000ee85f620,0x00000000ee880000)
  to   space 6656K, 0% used [0x00000000edc80000,0x00000000edc80000,0x00000000ee300000)
 ParOldGen       total 129536K, used 16992K [0x00000000c0000000, 0x00000000c7e80000, 0x00000000eab00000)
  object space 129536K, 13% used [0x00000000c0000000,0x00000000c10981f0,0x00000000c7e80000)
 Metaspace       used 6164K, capacity 7064K, committed 7424K, reserved 1056768K
  class space    used 619K, capacity 656K, committed 768K, reserved 1048576K
Event: 3.356 GC heap after
Heap after GC invocations=17 (full 0):
 PSYoungGen      total 57344K, used 6656K [0x00000000eab00000, 0x00000000f0480000, 0x0000000100000000)
  eden space 50688K, 0% used [0x00000000eab00000,0x00000000eab00000,0x00000000edc80000)
  from space 6656K, 100% used [0x00000000edc80000,0x00000000ee300000,0x00000000ee300000)
  to   space 10240K, 0% used [0x00000000efa80000,0x00000000efa80000,0x00000000f0480000)
 ParOldGen       total 129536K, used 23286K [0x00000000c0000000, 0x00000000c7e80000, 0x00000000eab00000)
  object space 129536K, 17% used [0x00000000c0000000,0x00000000c16bd978,0x00000000c7e80000)
 Metaspace       used 6164K, capacity 7064K, committed 7424K, reserved 1056768K
  class space    used 619K, capacity 656K, committed 768K, reserved 1048576K
}
Event: 3.798 GC heap before
{Heap before GC invocations=18 (full 0):
 PSYoungGen      total 57344K, used 57344K [0x00000000eab00000, 0x00000000f0480000, 0x0000000100000000)
  eden space 50688K, 100% used [0x00000000eab00000,0x00000000edc80000,0x00000000edc80000)
  from space 6656K, 100% used [0x00000000edc80000,0x00000000ee300000,0x00000000ee300000)
  to   space 10240K, 0% used [0x00000000efa80000,0x00000000efa80000,0x00000000f0480000)
 ParOldGen       total 129536K, used 23286K [0x00000000c0000000, 0x00000000c7e80000, 0x00000000eab00000)
  object space 129536K, 17% used [0x00000000c0000000,0x00000000c16bd978,0x00000000c7e80000)
 Metaspace       used 6206K, capacity 7128K, committed 7424K, reserved 1056768K
  class space    used 619K, capacity 656K, committed 768K, reserved 1048576K
Event: 3.816 GC heap after
Heap after GC invocations=18 (full 0):
 PSYoungGen      total 79872K, used 8820K [0x00000000eab00000, 0x00000000f0780000, 0x0000000100000000)
  eden space 69632K, 0% used [0x00000000eab00000,0x00000000eab00000,0x00000000eef00000)
  from space 10240K, 86% used [0x00000000efa80000,0x00000000f031d0c8,0x00000000f0480000)
  to   space 11776K, 0% used [0x00000000eef00000,0x00000000eef00000,0x00000000efa80000)
 ParOldGen       total 129536K, used 29528K [0x00000000c0000000, 0x00000000c7e80000, 0x00000000eab00000)
  object space 129536K, 22% used [0x00000000c0000000,0x00000000c1cd63a8,0x00000000c7e80000)
 Metaspace       used 6206K, capacity 7128K, committed 7424K, reserved 1056768K
  class space    used 619K, capacity 656K, committed 768K, reserved 1048576K
}
Event: 4.509 GC heap before
{Heap before GC invocations=19 (full 0):
 PSYoungGen      total 79872K, used 78452K [0x00000000eab00000, 0x00000000f0780000, 0x0000000100000000)
  eden space 69632K, 100% used [0x00000000eab00000,0x00000000eef00000,0x00000000eef00000)
  from space 10240K, 86% used [0x00000000efa80000,0x00000000f031d0c8,0x00000000f0480000)
  to   space 11776K, 0% used [0x00000000eef00000,0x00000000eef00000,0x00000000efa80000)
 ParOldGen       total 129536K, used 29528K [0x00000000c0000000, 0x00000000c7e80000, 0x00000000eab00000)
  object space 129536K, 22% used [0x00000000c0000000,0x00000000c1cd63a8,0x00000000c7e80000)
 Metaspace       used 6235K, capacity 7128K, committed 7424K, reserved 1056768K
  class space    used 620K, capacity 656K, committed 768K, reserved 1048576K
Event: 4.659 GC heap after
Heap after GC invocations=19 (full 0):
 PSYoungGen      total 81408K, used 10521K [0x00000000eab00000, 0x00000000f2480000, 0x0000000100000000)
  eden space 69632K, 0% used [0x00000000eab00000,0x00000000eab00000,0x00000000eef00000)
  from space 11776K, 89% used [0x00000000eef00000,0x00000000ef946548,0x00000000efa80000)
  to   space 13312K, 0% used [0x00000000f1780000,0x00000000f1780000,0x00000000f2480000)
 ParOldGen       total 129536K, used 37622K [0x00000000c0000000, 0x00000000c7e80000, 0x00000000eab00000)
  object space 129536K, 29% used [0x00000000c0000000,0x00000000c24bd870,0x00000000c7e80000)
 Metaspace       used 6235K, capacity 7128K, committed 7424K, reserved 1056768K
  class space    used 620K, capacity 656K, committed 768K, reserved 1048576K
}
Event: 5.246 GC heap before
{Heap before GC invocations=20 (full 0):
 PSYoungGen      total 81408K, used 80153K [0x00000000eab00000, 0x00000000f2480000, 0x0000000100000000)
  eden space 69632K, 100% used [0x00000000eab00000,0x00000000eef00000,0x00000000eef00000)
  from space 11776K, 89% used [0x00000000eef00000,0x00000000ef946548,0x00000000efa80000)
  to   space 13312K, 0% used [0x00000000f1780000,0x00000000f1780000,0x00000000f2480000)
 ParOldGen       total 129536K, used 37622K [0x00000000c0000000, 0x00000000c7e80000, 0x00000000eab00000)
  object space 129536K, 29% used [0x00000000c0000000,0x00000000c24bd870,0x00000000c7e80000)
 Metaspace       used 6247K, capacity 7128K, committed 7424K, reserved 1056768K
  class space    used 620K, capacity 656K, committed 768K, reserved 1048576K
Event: 5.321 GC heap after
Heap after GC invocations=20 (full 0):
 PSYoungGen      total 109568K, used 10460K [0x00000000eab00000, 0x00000000f2780000, 0x0000000100000000)
  eden space 96256K, 0% used [0x00000000eab00000,0x00000000eab00000,0x00000000f0900000)
  from space 13312K, 78% used [0x00000000f1780000,0x00000000f21b73f8,0x00000000f2480000)
  to   space 14848K, 0% used [0x00000000f0900000,0x00000000f0900000,0x00000000f1780000)
 ParOldGen       total 129536K, used 47563K [0x00000000c0000000, 0x00000000c7e80000, 0x00000000eab00000)
  object space 129536K, 36% used [0x00000000c0000000,0x00000000c2e72fe0,0x00000000c7e80000)
 Metaspace       used 6247K, capacity 7128K, committed 7424K, reserved 1056768K
  class space    used 620K, capacity 656K, committed 768K, reserved 1048576K
}
Event: 6.161 GC heap before
{Heap before GC invocations=21 (full 0):
 PSYoungGen      total 109568K, used 106716K [0x00000000eab00000, 0x00000000f2780000, 0x0000000100000000)
  eden space 96256K, 100% used [0x00000000eab00000,0x00000000f0900000,0x00000000f0900000)
  from space 13312K, 78% used [0x00000000f1780000,0x00000000f21b73f8,0x00000000f2480000)
  to   space 14848K, 0% used [0x00000000f0900000,0x00000000f0900000,0x00000000f1780000)
 ParOldGen       total 129536K, used 47563K [0x00000000c0000000, 0x00000000c7e80000, 0x00000000eab00000)
  object space 129536K, 36% used [0x00000000c0000000,0x00000000c2e72fe0,0x00000000c7e80000)
 Metaspace       used 6252K, capacity 7128K, committed 7424K, reserved 1056768K
  class space    used 620K, capacity 656K, committed 768K, reserved 1048576K
Event: 6.265 GC heap after
Heap after GC invocations=21 (full 0):
 PSYoungGen      total 111104K, used 14819K [0x00000000eab00000, 0x00000000f2780000, 0x0000000100000000)
  eden space 96256K, 0% used [0x00000000eab00000,0x00000000eab00000,0x00000000f0900000)
  from space 14848K, 99% used [0x00000000f0900000,0x00000000f1778c18,0x00000000f1780000)
  to   space 13312K, 0% used [0x00000000f1780000,0x00000000f1780000,0x00000000f2480000)
 ParOldGen       total 129536K, used 57878K [0x00000000c0000000, 0x00000000c7e80000, 0x00000000eab00000)
  object space 129536K, 44% used [0x00000000c0000000,0x00000000c3885b60,0x00000000c7e80000)
 Metaspace       used 6252K, capacity 7128K, committed 7424K, reserved 1056768K
  class space    used 620K, capacity 656K, committed 768K, reserved 1048576K
}

Deoptimization events (10 events):
Event: 4.007 Thread 0x0000000017c10800 Uncommon trap: reason=unreached action=reinterpret pc=0x0000000003392cdc method=com.android.dx.ssa.SsaMethod.updateOneDefinition(Lcom/android/dx/ssa/SsaInsn;Lcom/android/dx/rop/code/RegisterSpec;)V @ 4
Event: 4.727 Thread 0x0000000017591800 Uncommon trap: reason=bimorphic action=maybe_recompile pc=0x000000000362d464 method=com.android.dx.cf.code.BytecodeArray.parseInstruction(ILcom/android/dx/cf/code/BytecodeArray$Visitor;)I @ 1161
Event: 4.731 Thread 0x0000000017591800 Uncommon trap: reason=bimorphic action=maybe_recompile pc=0x000000000362d464 method=com.android.dx.cf.code.BytecodeArray.parseInstruction(ILcom/android/dx/cf/code/BytecodeArray$Visitor;)I @ 1161
Event: 4.731 Thread 0x0000000017591800 Uncommon trap: reason=bimorphic action=maybe_recompile pc=0x000000000362d464 method=com.android.dx.cf.code.BytecodeArray.parseInstruction(ILcom/android/dx/cf/code/BytecodeArray$Visitor;)I @ 1161
Event: 4.731 Thread 0x0000000017591800 Uncommon trap: reason=bimorphic action=maybe_recompile pc=0x000000000362d464 method=com.android.dx.cf.code.BytecodeArray.parseInstruction(ILcom/android/dx/cf/code/BytecodeArray$Visitor;)I @ 1161
Event: 4.822 Thread 0x0000000002ced800 Uncommon trap: reason=class_check action=maybe_recompile pc=0x00000000036ff068 method=com.android.dx.cf.code.RopperMachine.run(Lcom/android/dx/cf/code/Frame;II)V @ 1024
Event: 5.350 Thread 0x00000000171f5000 Uncommon trap: reason=bimorphic action=maybe_recompile pc=0x00000000037908a4 method=com.android.dx.cf.code.BytecodeArray.parseInstruction(ILcom/android/dx/cf/code/BytecodeArray$Visitor;)I @ 2281
Event: 5.351 Thread 0x00000000171f5000 Uncommon trap: reason=bimorphic action=maybe_recompile pc=0x00000000037908a4 method=com.android.dx.cf.code.BytecodeArray.parseInstruction(ILcom/android/dx/cf/code/BytecodeArray$Visitor;)I @ 2281
Event: 5.903 Thread 0x00000000171f5000 Uncommon trap: reason=unreached action=reinterpret pc=0x00000000036fea08 method=java.util.HashMap.putVal(ILjava/lang/Object;Ljava/lang/Object;ZZ)Ljava/lang/Object; @ 109
Event: 6.031 Thread 0x0000000017591800 Uncommon trap: reason=null_check action=make_not_entrant pc=0x00000000037d44c8 method=com.android.dx.cf.code.Ropper$CatchInfo.getSetup(Lcom/android/dx/rop/type/Type;)Lcom/android/dx/cf/code/Ropper$ExceptionHandlerSetup; @ 10

Internal exceptions (10 events):
Event: 0.972 Thread 0x0000000017c10800 Exception <a 'java/security/PrivilegedActionException'> (0x00000000eb0fc6e8) thrown at [D:\re\workspace\8-2-build-windows-amd64-cygwin\jdk8u5\2488\hotspot\src\share\vm\prims\jvm.cpp, line 1248]
Event: 1.003 Thread 0x0000000002ced800 Exception <a 'java/security/PrivilegedActionException'> (0x00000000eb2087b0) thrown at [D:\re\workspace\8-2-build-windows-amd64-cygwin\jdk8u5\2488\hotspot\src\share\vm\prims\jvm.cpp, line 1248]
Event: 1.526 Thread 0x0000000017c10800 Implicit null exception at 0x000000000330bdbc to 0x000000000330e2d5
Event: 1.688 Thread 0x0000000017c10800 Exception <a 'java/security/PrivilegedActionException'> (0x00000000eac9b678) thrown at [D:\re\workspace\8-2-build-windows-amd64-cygwin\jdk8u5\2488\hotspot\src\share\vm\prims\jvm.cpp, line 1248]
Event: 2.093 Thread 0x0000000002ced800 Exception <a 'java/security/PrivilegedActionException'> (0x00000000eba481c8) thrown at [D:\re\workspace\8-2-build-windows-amd64-cygwin\jdk8u5\2488\hotspot\src\share\vm\prims\jvm.cpp, line 1248]
Event: 2.978 Thread 0x0000000017c10800 Exception <a 'java/lang/ArrayIndexOutOfBoundsException': 18> (0x00000000eb6e2f00) thrown at [D:\re\workspace\8-2-build-windows-amd64-cygwin\jdk8u5\2488\hotspot\src\share\vm\interpreter\interpreterRuntime.cpp, line 337]
Event: 2.978 Thread 0x0000000017c10800 Exception <a 'java/lang/ArrayIndexOutOfBoundsException': 145> (0x00000000eb6e4998) thrown at [D:\re\workspace\8-2-build-windows-amd64-cygwin\jdk8u5\2488\hotspot\src\share\vm\interpreter\interpreterRuntime.cpp, line 337]
Event: 2.979 Thread 0x0000000017c10800 Exception <a 'java/lang/ArrayIndexOutOfBoundsException'> (0x00000000eb6e5bb0) thrown at [D:\re\workspace\8-2-build-windows-amd64-cygwin\jdk8u5\2488\hotspot\src\share\vm\runtime\sharedRuntime.cpp, line 595]
Event: 4.006 Thread 0x0000000017c10800 Exception <a 'java/security/PrivilegedActionException'> (0x00000000ec5cd558) thrown at [D:\re\workspace\8-2-build-windows-amd64-cygwin\jdk8u5\2488\hotspot\src\share\vm\prims\jvm.cpp, line 1248]
Event: 6.031 Thread 0x0000000017591800 Implicit null exception at 0x00000000037cb920 to 0x00000000037d4489

Events (10 events):
Event: 6.544 Thread 0x0000000017591800 DEOPT PACKING pc=0x0000000003412189 sp=0x00000000190de600
Event: 6.544 Thread 0x0000000017591800 DEOPT UNPACKING pc=0x0000000002f37604 sp=0x00000000190de430 mode 0
Event: 6.658 Thread 0x0000000017591800 DEOPT PACKING pc=0x0000000003412189 sp=0x00000000190de6b0
Event: 6.658 Thread 0x0000000017591800 DEOPT UNPACKING pc=0x0000000002f37604 sp=0x00000000190de4e0 mode 0
Event: 6.743 Thread 0x0000000002ced800 DEOPT PACKING pc=0x000000000348f8cc sp=0x0000000002deded0
Event: 6.743 Thread 0x0000000002ced800 DEOPT UNPACKING pc=0x0000000002f37604 sp=0x0000000002dedbe0 mode 0
Event: 7.270 Thread 0x0000000002ced800 DEOPT PACKING pc=0x0000000003412541 sp=0x0000000002dee050
Event: 7.270 Thread 0x0000000002ced800 DEOPT UNPACKING pc=0x0000000002f37604 sp=0x0000000002dede80 mode 0
Event: 7.280 Thread 0x0000000002ced800 DEOPT PACKING pc=0x00000000034651b5 sp=0x0000000002dee130
Event: 7.280 Thread 0x0000000002ced800 DEOPT UNPACKING pc=0x0000000002f37604 sp=0x0000000002dede68 mode 0


Dynamic libraries:
0x00007ff79eea0000 - 0x00007ff79eed4000 	C:\Program Files\Java\jdk1.8.0_05\bin\java.exe
0x00007ff824330000 - 0x00007ff8244f1000 	C:\Windows\SYSTEM32\ntdll.dll
0x00007ff821890000 - 0x00007ff82193d000 	C:\Windows\system32\KERNEL32.DLL
0x00007ff821360000 - 0x00007ff821548000 	C:\Windows\system32\KERNELBASE.dll
0x00007ff823290000 - 0x00007ff823337000 	C:\Windows\system32\ADVAPI32.dll
0x00007ff821ad0000 - 0x00007ff821b6d000 	C:\Windows\system32\msvcrt.dll
0x00007ff821cd0000 - 0x00007ff821d2b000 	C:\Windows\system32\sechost.dll
0x00007ff821b70000 - 0x00007ff821c8c000 	C:\Windows\system32\RPCRT4.dll
0x00007ff823830000 - 0x00007ff823986000 	C:\Windows\system32\USER32.dll
0x00007ff821940000 - 0x00007ff821ac7000 	C:\Windows\system32\GDI32.dll
0x00007ff808cd0000 - 0x00007ff808f44000 	C:\Windows\WinSxS\amd64_microsoft.windows.common-controls_6595b64144ccf1df_6.0.10586.839_none_a2ddba30a539a2ae\COMCTL32.dll
0x00007ff8233b0000 - 0x00007ff82362e000 	C:\Windows\system32\combase.dll
0x00007ff821550000 - 0x00007ff8215ba000 	C:\Windows\system32\bcryptPrimitives.dll
0x00007ff821c90000 - 0x00007ff821ccb000 	C:\Windows\system32\IMM32.DLL
0x0000000057950000 - 0x0000000057a22000 	C:\Program Files\Java\jdk1.8.0_05\jre\bin\msvcr100.dll
0x0000000056d60000 - 0x000000005758a000 	C:\Program Files\Java\jdk1.8.0_05\jre\bin\server\jvm.dll
0x00007ff823770000 - 0x00007ff823778000 	C:\Windows\system32\PSAPI.DLL
0x00007ff81eb30000 - 0x00007ff81eb39000 	C:\Windows\SYSTEM32\WSOCK32.dll
0x00007ff824240000 - 0x00007ff8242ab000 	C:\Windows\system32\WS2_32.dll
0x00007ff81ebf0000 - 0x00007ff81ec13000 	C:\Windows\SYSTEM32\WINMM.dll
0x00007ff81eb90000 - 0x00007ff81ebbc000 	C:\Windows\SYSTEM32\WINMMBASE.dll
0x00007ff8210e0000 - 0x00007ff821123000 	C:\Windows\system32\cfgmgr32.dll
0x0000000057940000 - 0x000000005794f000 	C:\Program Files\Java\jdk1.8.0_05\jre\bin\verify.dll
0x0000000057910000 - 0x0000000057938000 	C:\Program Files\Java\jdk1.8.0_05\jre\bin\java.dll
0x00000000578f0000 - 0x0000000057906000 	C:\Program Files\Java\jdk1.8.0_05\jre\bin\zip.dll
0x00007ff821d30000 - 0x00007ff82328c000 	C:\Windows\system32\SHELL32.dll
0x00007ff820a00000 - 0x00007ff821044000 	C:\Windows\system32\windows.storage.dll
0x00007ff823630000 - 0x00007ff823682000 	C:\Windows\system32\shlwapi.dll
0x00007ff8209f0000 - 0x00007ff8209ff000 	C:\Windows\system32\kernel.appcore.dll
0x00007ff821670000 - 0x00007ff821725000 	C:\Windows\system32\shcore.dll
0x00007ff820980000 - 0x00007ff8209cb000 	C:\Windows\system32\powrprof.dll
0x00007ff8209d0000 - 0x00007ff8209e4000 	C:\Windows\system32\profapi.dll
0x00007ff801410000 - 0x00007ff80159c000 	C:\Windows\SYSTEM32\dbghelp.dll

VM Arguments:
jvm_args: -Djava.awt.headless=true -Xmx1024M -Dfile.encoding=windows-1251 -Duser.country=RU -Duser.language=ru -Duser.variant 
java_command: com.android.dx.command.Main --dex --num-threads=4 --multi-dex --main-dex-list D:\AndroidDevelopment\provectus\app\build\intermediates\multi-dex\debug\maindexlist.txt --output D:\AndroidDevelopment\provectus\app\build\intermediates\transforms\dex\debug\folders\1000\1f\main D:\AndroidDevelopment\provectus\app\build\intermediates\transforms\jarMerging\debug\jars\1\1f\combined.jar
java_class_path (initial): D:\AndroidDevelopment\Android\sdk\build-tools\26.0.0\lib\dx.jar
Launcher Type: SUN_STANDARD

Environment Variables:
JAVA_HOME=C:\Progra~1\Java\jdk1.8.0_05\
PATH=C:\Program Files (x86)\Common Files\Intel\Shared Files\cpp\bin\Intel64;C:\ProgramData\Oracle\Java\javapath;C:\Windows\system32;C:\Windows;C:\Windows\System32\Wbem;C:\Windows\System32\WindowsPowerShell\v1.0\;C:\Program Files\Common Files\Autodesk Shared\;C:\Program Files (x86)\Windows Kits\10\Windows Performance Toolkit\;C:\Program Files (x86)\ATI Technologies\ATI.ACE\Core-Static;C:\Program Files (x86)\Skype\Phone\;C:\Program Files\Microsoft SQL Server\Client SDK\ODBC\110\Tools\Binn\;C:\Program Files (x86)\Microsoft SQL Server\120\Tools\Binn\;C:\Program Files\Microsoft SQL Server\120\Tools\Binn\;C:\Program Files\Microsoft SQL Server\120\DTS\Binn\;C:\Program Files (x86)\Windows Kits\8.1\Windows Performance Toolkit\;D:\AndroidDevelopment\Android\sdk\platform-tools;C:\Program Files (x86)\Windows Kits\10\Windows Performance Toolkit\;C:\Progra~1\Maven\\bin
USERNAME=Администратор
OS=Windows_NT
PROCESSOR_IDENTIFIER=Intel64 Family 6 Model 58 Stepping 9, GenuineIntel



---------------  S Y S T E M  ---------------

OS: Windows 8.1 , 64 bit Build 9600 

CPU:total 4 (2 cores per cpu, 2 threads per core) family 6 model 58 stepping 9, cmov, cx8, fxsr, mmx, sse, sse2, sse3, ssse3, sse4.1, sse4.2, popcnt, avx, aes, clmul, erms, ht, tsc, tscinvbit

Memory: 4k page, physical 8282396k(743320k free), swap 8282396k(8120k free)

vm_info: Java HotSpot(TM) 64-Bit Server VM (25.5-b02) for windows-amd64 JRE (1.8.0_05-b13), built on Mar 18 2014 01:08:39 by "java_re" with MS VC++ 10.0 (VS2010)

time: Sun Jul 02 15:11:03 2017
elapsed time: 7 seconds

